ny i huyna eta java
CookieSpec selected: default
Auth cache not set in the context
Connection request: [route: {s}->https://api.twitter.com:443][total kept alive: 0; route allocated: 0 of 2; total allocated: 0 of 20]
Connection leased: [id: 0][route: {s}->https://api.twitter.com:443][total kept alive: 0; route allocated: 1 of 2; total allocated: 1 of 20]
Opening connection {s}->https://api.twitter.com:443
Connecting to api.twitter.com/104.244.42.130:443
Connecting socket to api.twitter.com/104.244.42.130:443 with timeout 0
Enabled protocols: [TLSv1, TLSv1.1, TLSv1.2]
Enabled cipher suites:[TLS_ECDHE_ECDSA_WITH_AES_256_CBC_SHA384, TLS_ECDHE_RSA_WITH_AES_256_CBC_SHA384, TLS_RSA_WITH_AES_256_CBC_SHA256, TLS_ECDH_ECDSA_WITH_AES_256_CBC_SHA384, TLS_ECDH_RSA_WITH_AES_256_CBC_SHA384, TLS_DHE_RSA_WITH_AES_256_CBC_SHA256, TLS_DHE_DSS_WITH_AES_256_CBC_SHA256, TLS_ECDHE_ECDSA_WITH_AES_256_CBC_SHA, TLS_ECDHE_RSA_WITH_AES_256_CBC_SHA, TLS_RSA_WITH_AES_256_CBC_SHA, TLS_ECDH_ECDSA_WITH_AES_256_CBC_SHA, TLS_ECDH_RSA_WITH_AES_256_CBC_SHA, TLS_DHE_RSA_WITH_AES_256_CBC_SHA, TLS_DHE_DSS_WITH_AES_256_CBC_SHA, TLS_ECDHE_ECDSA_WITH_AES_128_CBC_SHA256, TLS_ECDHE_RSA_WITH_AES_128_CBC_SHA256, TLS_RSA_WITH_AES_128_CBC_SHA256, TLS_ECDH_ECDSA_WITH_AES_128_CBC_SHA256, TLS_ECDH_RSA_WITH_AES_128_CBC_SHA256, TLS_DHE_RSA_WITH_AES_128_CBC_SHA256, TLS_DHE_DSS_WITH_AES_128_CBC_SHA256, TLS_ECDHE_ECDSA_WITH_AES_128_CBC_SHA, TLS_ECDHE_RSA_WITH_AES_128_CBC_SHA, TLS_RSA_WITH_AES_128_CBC_SHA, TLS_ECDH_ECDSA_WITH_AES_128_CBC_SHA, TLS_ECDH_RSA_WITH_AES_128_CBC_SHA, TLS_DHE_RSA_WITH_AES_128_CBC_SHA, TLS_DHE_DSS_WITH_AES_128_CBC_SHA, TLS_ECDHE_ECDSA_WITH_3DES_EDE_CBC_SHA, TLS_ECDHE_RSA_WITH_3DES_EDE_CBC_SHA, SSL_RSA_WITH_3DES_EDE_CBC_SHA, TLS_ECDH_ECDSA_WITH_3DES_EDE_CBC_SHA, TLS_ECDH_RSA_WITH_3DES_EDE_CBC_SHA, SSL_DHE_RSA_WITH_3DES_EDE_CBC_SHA, SSL_DHE_DSS_WITH_3DES_EDE_CBC_SHA, TLS_EMPTY_RENEGOTIATION_INFO_SCSV]
Starting handshake
Secure session established
 negotiated protocol: TLSv1.2
 negotiated cipher suite: TLS_ECDHE_RSA_WITH_AES_128_CBC_SHA256
 peer principal: CN=api.twitter.com, OU=tsa_o Point of Presence, O="Twitter, Inc.", L=San Francisco, ST=California, C=US
 peer alternative names: [api.twitter.com]
 issuer principal: CN=DigiCert SHA2 High Assurance Server CA, OU=www.digicert.com, O=DigiCert Inc, C=US
Connection established 172.18.204.103:56322<->104.244.42.130:443
Executing request GET /1.1/statuses/home_timeline.json HTTP/1.1
Proxy auth state: UNCHALLENGED
http-outgoing-0 >> GET /1.1/statuses/home_timeline.json HTTP/1.1
http-outgoing-0 >> Authorization: OAuth oauth_consumer_key="TgCs2L7UlxzeygG4bvMzO7nMz", oauth_nonce="4143194133477646325", oauth_signature="DmHUiYMaScmH31qbSvXZpPuphPM%3D", oauth_signature_method="HMAC-SHA1", oauth_timestamp="1497879357", oauth_token="625011534-Fd15DyhL26AdAs82jh9VNhYdqSwdoEWmeZry0JDc", oauth_version="1.0"
http-outgoing-0 >> Host: api.twitter.com
http-outgoing-0 >> Connection: Keep-Alive
http-outgoing-0 >> User-Agent: Apache-HttpClient/4.5.3 (Java 1.5 minimum; Java/1.7.0_131)
http-outgoing-0 >> Accept-Encoding: gzip,deflate
http-outgoing-0 >> "GET /1.1/statuses/home_timeline.json HTTP/1.1[\r][\n]"
http-outgoing-0 >> "Authorization: OAuth oauth_consumer_key="TgCs2L7UlxzeygG4bvMzO7nMz", oauth_nonce="4143194133477646325", oauth_signature="DmHUiYMaScmH31qbSvXZpPuphPM%3D", oauth_signature_method="HMAC-SHA1", oauth_timestamp="1497879357", oauth_token="625011534-Fd15DyhL26AdAs82jh9VNhYdqSwdoEWmeZry0JDc", oauth_version="1.0"[\r][\n]"
http-outgoing-0 >> "Host: api.twitter.com[\r][\n]"
http-outgoing-0 >> "Connection: Keep-Alive[\r][\n]"
http-outgoing-0 >> "User-Agent: Apache-HttpClient/4.5.3 (Java 1.5 minimum; Java/1.7.0_131)[\r][\n]"
http-outgoing-0 >> "Accept-Encoding: gzip,deflate[\r][\n]"
http-outgoing-0 >> "[\r][\n]"
http-outgoing-0 << "HTTP/1.1 200 OK[\r][\n]"
http-outgoing-0 << "cache-control: no-cache, no-store, must-revalidate, pre-check=0, post-check=0[\r][\n]"
http-outgoing-0 << "content-disposition: attachment; filename=json.json[\r][\n]"
http-outgoing-0 << "content-encoding: gzip[\r][\n]"
http-outgoing-0 << "content-type: application/json;charset=utf-8[\r][\n]"
http-outgoing-0 << "date: Mon, 19 Jun 2017 13:35:58 GMT[\r][\n]"
http-outgoing-0 << "expires: Tue, 31 Mar 1981 05:00:00 GMT[\r][\n]"
http-outgoing-0 << "last-modified: Mon, 19 Jun 2017 13:35:58 GMT[\r][\n]"
http-outgoing-0 << "pragma: no-cache[\r][\n]"
http-outgoing-0 << "server: tsa_o[\r][\n]"
http-outgoing-0 << "set-cookie: lang=ru; Path=/[\r][\n]"
http-outgoing-0 << "set-cookie: guest_id=v1%3A149787935794705836; Domain=.twitter.com; Path=/; Expires=Wed, 19-Jun-2019 13:35:58 UTC[\r][\n]"
http-outgoing-0 << "status: 200 OK[\r][\n]"
http-outgoing-0 << "strict-transport-security: max-age=631138519[\r][\n]"
http-outgoing-0 << "transfer-encoding: chunked[\r][\n]"
http-outgoing-0 << "x-access-level: read-write[\r][\n]"
http-outgoing-0 << "x-connection-hash: 60d52a3f7a1941ea08a7518f10a5a831[\r][\n]"
http-outgoing-0 << "x-content-type-options: nosniff[\r][\n]"
http-outgoing-0 << "x-frame-options: SAMEORIGIN[\r][\n]"
http-outgoing-0 << "x-rate-limit-limit: 15[\r][\n]"
http-outgoing-0 << "x-rate-limit-remaining: 9[\r][\n]"
http-outgoing-0 << "x-rate-limit-reset: 1497879761[\r][\n]"
http-outgoing-0 << "x-response-time: 245[\r][\n]"
http-outgoing-0 << "x-transaction: 00052c9000480deb[\r][\n]"
http-outgoing-0 << "x-twitter-response-tags: BouncerCompliant[\r][\n]"
http-outgoing-0 << "x-xss-protection: 1; mode=block[\r][\n]"
http-outgoing-0 << "[\r][\n]"
http-outgoing-0 << HTTP/1.1 200 OK
http-outgoing-0 << cache-control: no-cache, no-store, must-revalidate, pre-check=0, post-check=0
http-outgoing-0 << content-disposition: attachment; filename=json.json
http-outgoing-0 << content-encoding: gzip
http-outgoing-0 << content-type: application/json;charset=utf-8
http-outgoing-0 << date: Mon, 19 Jun 2017 13:35:58 GMT
http-outgoing-0 << expires: Tue, 31 Mar 1981 05:00:00 GMT
http-outgoing-0 << last-modified: Mon, 19 Jun 2017 13:35:58 GMT
http-outgoing-0 << pragma: no-cache
http-outgoing-0 << server: tsa_o
http-outgoing-0 << set-cookie: lang=ru; Path=/
http-outgoing-0 << set-cookie: guest_id=v1%3A149787935794705836; Domain=.twitter.com; Path=/; Expires=Wed, 19-Jun-2019 13:35:58 UTC
http-outgoing-0 << status: 200 OK
http-outgoing-0 << strict-transport-security: max-age=631138519
http-outgoing-0 << transfer-encoding: chunked
http-outgoing-0 << x-access-level: read-write
http-outgoing-0 << x-connection-hash: 60d52a3f7a1941ea08a7518f10a5a831
http-outgoing-0 << x-content-type-options: nosniff
http-outgoing-0 << x-frame-options: SAMEORIGIN
http-outgoing-0 << x-rate-limit-limit: 15
http-outgoing-0 << x-rate-limit-remaining: 9
http-outgoing-0 << x-rate-limit-reset: 1497879761
http-outgoing-0 << x-response-time: 245
http-outgoing-0 << x-transaction: 00052c9000480deb
http-outgoing-0 << x-twitter-response-tags: BouncerCompliant
http-outgoing-0 << x-xss-protection: 1; mode=block
Connection can be kept alive indefinitely
Cookie accepted [lang="ru", version:0, domain:api.twitter.com, path:/, expiry:null]
Cookie accepted [guest_id="v1%3A149787935794705836", version:0, domain:twitter.com, path:/, expiry:Wed Jun 19 16:35:58 EEST 2019]
http-outgoing-0 << "2a1[\r][\n]"
http-outgoing-0 << "[0x1f][0x8b][0x8][0x0][0x0][0x0][0x0][0x0][0x0][0xff][0xec][0x9d][0xb]s[0xdb]8[0x92][0x80][0xff][\n]"
http-outgoing-0 << "[0xd6]W[0xbb]sW[0xab][0xd8][0x4][0xdf][0xd4][0xd5]V"[0xf9][0x91]x[0x13][0x8f][0x1d]K[0x89][0xf3]pJ[0x5]I[0x90][0xc4]1E*|XQR[0xf9][0xef][0xd7][0x0]E[0x91][0x14][0xe9]XN[0x1c][0xcb][0xb7][0xd5][0x9e][0xa9][0x8a][0x4][0x80][0x4][0x9]4[0xba]?@[0x8d][0xc6][0xc7]o;[0x83][0x90][0xb3][0x98][0xf]{,[0xde]i[0xee]\[0xf0]![0xf9]w[0xe2][0x13][0xaa][0x13]j7U[0xa7]iX[0xe4][0x9f][\n]"
http-outgoing-0 << "[0xfc][0x11]U[0xa1][0xd6]Nc[0xc7][0x1d][0xee]4m[0xcb]P[0xc][0xcb][0xd2][0x15][0xd5][0xa2][0xba][0xa1]R[0x93][0x8a][0xf4]^[0x14][0x87]p[0x87]j&\[0x15][0xf3]/[0xe2][0xee][0xaf]8[0xb]}2[0x9][0xe6][0xa4]3a![0xef]N[0xdc][0x88][0xfc][0x83]Mg[0xff]K[0x9e][0xbd][\n]"
http-outgoing-0 << "b6[0xe5]d[0xc2][0xbd][0x19]<[0xc2][0xb3][0xd6][0xc9]Y[0xaf]5[0xe6][0xfe]`A[0xe0][0xf1][0x6][0x13][0xe2][0xfa]O[0xa6],[0xbc][0xe2]1[0x89]Cv[0xcd]=[0x1e]Fd[0x18][0xba][0xd7][0xae]?&[0x8c][0xe8][0x86][0xf1]wr[0xce][0xe3][0x4]n[0x1f][0xf8][0xa4]5$[0x9d][0x19][0xf7][0x87]M2[0x89][0xe3]Y[0xd4][0xbc][0xdc][0xbb][0xdc][0x8b]w[0x7][0xc1][0xe5][0x9e][0xf3]z|[0xf5][0xb9][0xff][0xd5];[0xd7][0xc4]S[0x85][0x89]?[0x10][0xef][0xbe][0xd3][0x1c]1/[0xe2][0x8d][0x1d][0xee][0xc7]n[0xec][0xf2]h[0xa7][0xf9]mg[0xc2][0xa2]I[0xcc][0xc6][0xf0][0xf9][0xe3][0xa7][0xc6]N[0xb4][0x98][0xf6][0x3]o[0xf9]%[0x89]x[0xd8][0x9b][0x8a][0xc2][0x81]/[0x92][0xbe][0xed]D[0xd0][0x8a][0xdc][0xef][0xf9][0xf0][0xe][0xe2]=[0xe5][0xcb]@[\r][0xa5][0xef][0xa4][0x13]xIz[0xc9][0xb2][0x1d]5S1[0x14][0xb5][0xd8]xi[0x8a][0xc8][0xf7][0x87][0xee]@<[0xc8]G[0xd5]lh[0xda][0xa7][0xef][0x8d][0xf5]J[0xf2]&[0xca]+[0x82]4[0xb2]J[0x13]U8T[0xa7][0x86][0xa3][0x14];(K*U[0xa2][0xd3][0x86][0xa1]~[0xfa].[0xde]-[0xf4][0xd2]W[0x82][0xf]P[0xfa][0x87][\r][0xc8][0xbf][0xcc][0x98]?[0x4][0xd9][0xc9][0xcb][0xca][0xa2][0xe3]`7[0x12][0x1d][0x1c]C[0x7][0xc3]U[0xd3][0xcb][0xbd]W](>t[0xa3][0x99][0xc7][0x16][0xcb][0xd2]7[0x14][0xca][0x9f][0x89]R[0xbd]A5[0xb][0x9e][0xea];[0xb4][0x90][0x84][0x3][0xf1][0x8a][0x97][0x89][0xa2]h[0x3]F&![0x1f][0xfd][0xeb]2[0xaf]3[0x9e][0xbb]q[0xcc]Cy[0xa7][0x1d][0x10][0x1a][0xf]2[0xfd]`[0x14]x^0[0xbf]L[0xaf][0xe2][0xdd][0xb4][0xc][0xb9][0xe0]}[0xb2][0xef][0xb9][0xd0][0x81][0xe9][0xdd].[0xf7]XZ@[0xd6][0xdf][0xb][0xf9][0xcc][[0xf4][0xe2][0x0][0x1a][0x8c][0xc5]I[0xd4][0x13][\r][0xe9]'[0x9e]wCf[0xda][0xae][0xd5][0x2]RJ[0xea][0xaf]]f[0xdd]te[0xa9][0xa3][0xd3]lq[0x85][0x90]Jq?[0xe8]@j[0xda][0x8a]U[0xe8][0xd4],)[0x17][0x85][0xd5][0x8][0x83][0xa4][0xb2][0xe0][0x14]s[0xbc][0x0][0x6][0x0][0x88]$$[0x9f]1/ -/[0xe][0x1a]d[0xbf]%z[0x8b][0xc3]e[0xee]l[0x99][0x9b][0xf][0xd8]Y0[0x17][0x83]o[0x92]L[0x99]O[0x6][0x81][0xef][0xf3][0x81][0x14]j[0xd2]_[0x88][0xb1][0xe9]G[0xa3] [0x9c][0xca]a[0x99][0xc4][0x13]1F[0x6][0xcb][0xb2][0xa2][0xb7]Ez[0x9f]O[0xd8][0xb5][0x1b][0x84]0[0xa6][0xe3][0x80]0y5[0xeb]{[0x9c][0x4]I<K[0xe2][0x88][0xb0][0x98]"
http-outgoing-0 << "[\r][\n]"
http-outgoing-0 << "1090[\r][\n]"
http-outgoing-0 << "D[0x3][0x6][0x9]p'[0x92][0x8e]zQ#[0x88][0x1a][0x99]%}[0xcf][0x8d]&[0xf0]uw[0xa7]q[0x83][0x88]z[0xd6][0xf9][0x87]+[0xe3][0xbd][0xa3][0xdb];[0xe5][0x11]-[0x8b][0xbb]M[0xc2][0xcb][0x97][0xdf] [0xe1][0xf3][0xf9][0xbc],[0xbd][0x15][0xf1]^[0xcf][0xcd][0xe5]Zi[0xa8]Z*[0xd4][0xa5]&^=[0xd8][0xa7][0xef][0x90]5[0xb][0x83][0x18][0x1a][0xb6][0xa0][0x9b]RQ[0x86]7[0xef][\r][0x82][0xc4][0x7]u[0xaa][0xaa][0x9a]F5[0x18][0xda][0xa3][0x10]Dy[0xb8]J[0xd7]uE[0x87][0x9e]u#[0xa1][0xd5][0xb3]4S[0x7]q)[0xa9][0xfa][0x13]P[0x94]',$T![0xd4][0x81][0x2]M-W[0xf5][0x8a]x[0xf7][0x11][0xbb][0x86]A[0xe7][0xc6]<[0xaf]Q[0xd4][0x96][0xc4][0x83]^0[0x1a]E[0x1c][0x12][0x9e]P[0xa8]L[0x1]M[0xea]Ny[0xef]k[0xe0][0xb][0xf1]:dP1[0xe8][0xe1].[0xa4][0x91][0xff]~[0xd3]![0xff] [0xfb][0xcc]gC[0xf6]?p[0xcf]1[0xf]z\[0xf6]6[0xbc][0x18][0xe8]_x[0xaf]k[0x1e][0xba]#[0xb7][0xf0][0xa2][0xe9][0xc0][0xca]k54[0x1d]t[0xa4][0xc7][0xfc]1[0xdc][0x9d][0xfb]p[0x17][0x90][0xba]8t[0xfb]I[0x1c]@k[0xac]n[0xb7][0xbc][0xdc][0x8d]zR[0xc]=[0x6][0xd9]u[0xa9][0xd0][0xda][0x95][0x8b][0xa0][0xb9]G[0xae][0xc7]{}6[0xb8][0x1a][0x87]P[0xaf]h9/[0x90][0xfa]R=[0x80]w[0xdc][0xa9]-[0xe3]N[0xd9][0x98][0xaf][0xcb][0xc6][0xac][0x1f][0xed][0x82]6[0x9a][0x8e]S[0xad]v[0xd3]e[0xd1][0xe5][0x9e]i[0x9b][0xe][0xb5]TK[0xd3]T]3[0xc][0xc3][0xd6]/[0xf7]><i[0xdb]a?y[0xbb][0xfb][0xd7]l|K[0xa5]=)[0xba]%[0x11][0xfe][0xdd]u[0xc7][0xf0]=[0xeb][0xb8],[0xfb].[0x8d][0x90][0xd7]n)&55[0xc3]Q[0x1][0x12][0x1c]j[0xa8]Pf[0xcc]^[0xb5]O_[0x1f][0xf5]|P [0xcc][0xdb][0x9d][0xf9][0xc5][0x87][0xf8][0x89][0xb7][0xfe][0xf9][0xca][0xfa][0xc][0xd4]Z[0xd8][W[0x10]7[0xb6][0xae]([\r][0x15]eZX|[0xb2]m[0xc3]2[\r][0xc7]*[0xdc][0xd5]s[0xfd][0xab]\[0xac]L[0xf1]_!7r[0x87][0xbc][0xcf][0xc2]^?[0x8][0x87]PwV[0xee]H[0xfe][0xd5][0x94][0x83]/^^[0xca][0x10][0xff][0x15]J[0x9][0xe2]Z[0xe5]*[0xf2][0xaf][0x90][0xb][0xc3][0xab]"[0x13]Y[0xb7][0x2][0xf7][0xf4][0xe0]b.[0xd5][0xde][0xf2][0x82][0xd5]8[0x19][0xf2][0x11]K[0xbc][0xf8][0xb6][0xf4][0xec][0x8e]%[0xd5][0xe5][0x8a][0x1][0x9c][0xd6][0x91]&[0x80][0xc1][0xfb][0x9c][0xf0]([0xee]E\[0x8c][0xf3]ea?[0x88]A[0x1f][0xa4]f)Z[0xa5][0xe6]C[0xba][0x17]/fB[0xcf][0xf8]B[0xdd]|[0x97]*%3[0x92][0x83][0x0][0xda][0xce][0xf5]A[0xc7]EY[0x12]h[0xe4][0x1][0xcf][0xf3]s[0xbd][0xb1][0xb2][0xbb]Q[0xef]s[0x2][0xba]vi[0xcf]W[0x15][0x82][0xf2][0x9e]s[0x1e][0xaf]T_[0xaa][0xf][0x85]:[0xcc][0x92][0x9c]<i[0xb8]~YQ[0xb5][0x4]Q[0xe4][0xf6][0xc1][0xb0][0xc3][F`[0x8b][0xae][0xf9][0xf][0xb2]zl6[0xe3][0xcc][0x13][0xca]iU*[0xd7]|[0x2][0x2]K:[0xbc][0x9b][0xf0][0x14][0xd7]5 [0xf6]&[0xb5][0x9a][0x9a]^[0x87][0xeb][0xba][0xa9]Q[[0xb3]4[0xc5]0[0x14][0xcb][0xd6][0x95][0x12][0xae][0xaf]g[0xe6][0xb8][0xde][0x81][0xce][0x1a][0x8f]=a[0xb3][0xbb][0x1]y[0xce]\P[0xea]aj[0xaf][0x5]e/i[0xea])$.Hw[0xc2]#Nt[0x2][0xd7][0xc0][0xe3][0x8d][0xc1][0xe2]V[0xe1][0xbb][0xaf][0xbe]=[0xdf][0xf7][0xaf][0xff][0x1d]N[0xef][0x13][0xbe]og[0xd6]R[0xbd][0x9b]3[0xab][0xbe]|[0xc1][0xae];[0x8b][0xba][0x17][0x1b][0xf0]k[0xe5][0x82][0xdc][0xe6][0x9b]z[0xc3]F[0x92]E[0x92]E[0x92]E[0x92]E[0x92]E[0x92]E[0x92]E[0x92][0xdd][0x12][0xc9][0xda]U[0x92]5[0xed][0xed][0xa3][0xec]Q[0xe8]J[0x94]U[0x1c][0x81][0xb2][0x86][0xdd]TjW[0x9e]5[\n]"
http-outgoing-0 << "[0xa2]/[0x97]0[0xa9][0xe2][0x98]Zi[0xf1][0xb4][0x92][0x99][0xa3]l+[0xe4]d[0x11]$$[0x89][0x84][0xdd][0x8e]%[0xac]>{[0x5]R[0xcc][0x87][0xc7]`[0xcf]W[0xd0]J[0xc0][0x8e][0x8b]ee.[0x0]`[0x4][0x9d]'[0x12][0xe0][0xc2][0x90][0xc0]K[0xf1][0xa7][0x15][0xa4][0x1d][0x9d][0x84]o[0xdc][0x90][0xe9][0xfe][0xde][0xf5][0xe4][0xe5][0x83][0x16]V[0x94][0xf3][0x14][0xc9]Q@[0xef][0xb6]e[0x15][#K*[0xaf]%[0x83][0xc5]v6Y[0xe6]-[0xbd][0xd7][0x1d][0x96]y[0xdb][0x1b][0xad][0xf3][0xb6][0xcb][0xb][0xbd][0xf0][0xdc][0x8e][0x81]p[0x8c]p[0x8c]p[0x8c]p[0x8c]p[0x8c]p[0x8c]p[0x8c]p[0xbc][0x1d]8[0xb6][0xaa]p[0xac]j[0xdb][0x87]c[0xe1][0x96]q[0xc2][0x16]D[0xa3]R[0x89];M[0xa3]v[0x9d][0x17][0x12]t[0x1d][0x8c][0x5][0x8][0xa4]c[0x1a][0xba]^[0x82][0xe3][0xf5][0xcc][0x1c][0x8e]_[0x4][0xf3][0x82][0xc5]%[0x3]0[0xe2][0x1e][0x7]}[\r]}+P[0xd9][\r][0xc9][0xc8][\r][0xa3][0xf8][0xc9][0x8c][0x85][0xf1][0x82][0xc]Y[0xcc][0x4][0x15][0xbb][0xbe]xD[0xe0]h[0xee][0x8f][0xa1][0xa4][0xc0]Wi[0xbb][0xd9][0x10][0xb0][0xec][0x9a][0xfb][0x9][0xaf][0xae][0x0][0xbf]4O_[0x1e]][0xf4][0x87][0xec][0xfa]aW[0x80]K[0xf5]n[0x8e][0xb3]go[0xda][0x7][0x7][0xad]M[0x90]6/[0x99][0x3][0x80][0xa3]4([0xd5][0x90]k[0x91]k[0x91]k[0x91]k[0x91]k[0x91]k[0x91]k[0x91]k[0xb7][0xc3][0xb5]Z[\r][0xd8][0xd2]G[0xe0][0xc0] V}[0x5][0xd8][0xaa]&[0xa1]ZS[0xa7]M[0xa5][0xe]lA([0x81]YM[[0x3]][0xaa]Y wE[0xb0][0xad]d[0xe6]`{1[0x1][,[0x96]}}[0xe][0x0][\r][0xd6][0xfa][0xca][0x7][0xd4]e}[0xb0][0xd4][0x2]l[0xc9]`[0x2]O[0x96].[0xfa][0x1e]A;[0xf7][0x83][0xe0][0xea]2[0x81][0x8a][0x1d][0xb0][0xd6][0xde]X4[0xcc]d*[0xed][0xb6]pYvc[0xe2]Ng`[0xef][0xa3]tAX[0xf4][0x6]t|[0x93]T([0xb7][0x1d]%Z<[0xdf][0xf7][0xcf][0xbd][0x87][0xa5][0xdc]R[0xbd][0x9b]S[0xee]Q{#[0xc4]][0x16]+[0xf0][0xad][0xdd][0xa0]*E[0xbe]E[0xbe]E[0xbe]E[0xbe]E[0xbe]E[0xbe]E[0xbe]E[0xbe][0xdd][0xe][0xdf][0xea]5^[\r][0xf4][0x11]x5d[0xb][0xb7][0xaa].[0xbc][0x1a]T[0xab]i[0xd8]u|ki[0xb6][0x9][0xe2][0x6][0xa3][0x1c]0V[0xb1][0xb4][0x12][0xdf][0xae]g[0x96][0x17]n[0xc5]j[0xad]@\[0xe8]?[0xc9][0xb4]!4hj[0x99][0x83]>t[0xb5][0xd8]>[0x7][0xf2][0x1a]=%/x[0xc8][0x9][0x18]=2[0x12][0xee][\r]s[0xb6][0x90][0xdc][0xb]vB[0xe2]l[0xc4][0xbd][0x91]p[0xea][0x95][0xb7]p[0xc7][0x93][0x98][0x80][0xec][0xc5]5K[0xb8][0xef][0xf][0xf][0xbf][0xfc][0xf5][0xfa][0xfd][0xcb][0x8b][0xb3][0x87][0x85][0xdb]R[0xbd][0x9b][0xc3][0xed][0xc9][0xf9]&l[0x9b][0x96]*l=[0x3][0xab]IU\[0xbb]E[0xb6]E[0xb6]E[0xb6]E[0xb6]E[0xb6]E[0xb6]E[0xb6][0xdd][0x12][0xdb]R[0xb3][0x86]m[0x1f][0x81]SB[0xaa][0xc5][0x81]m[0xd5][0x8c]m[0x8d]:[0xb6][0x85]?[0xea]([0x8e][0xad][0xaa]&[0x85][0xc1]^[0xf2][0xd8][0xad]d[0xe6]l{[0xde]%[0xcf]^[0xb2][0x10][0x14][0xba][0xd1]$[0xc7]>(v[0xe8]/i[0xc4][0xc1][0xe6][0x8c][0xc4][0x7]@[0xaa][0x9]y[0x96][0xe3][0xc1][0xb3][0xab]$[0x8c]Y?d[0x8d][0xa5][0x9f][0xaf]tU[0x18][0x85][0xc1]4[[0xac]][0x81][0x80]0[0xef]1[0xb][0xc7]\[0xdc][0xb1][0x1]8[0x10][0x9][0xe6][0x95][0x96][0xfd][0xb7]y[0xf1]fo[0x93][0x83][0xd2]2[0x5][0xa0][0x10][0x6]V[0xe6][0xca]k(&[0xc][0xde][0xa2][0xef]F[0x96]T2[0xe5][0x1a][0x0]jMT[0x88]"a[0xd5]$[0xdd][0xce]p[0x85][0x98][0x10]J[0xc3]Pj[0xaa][0xc8]Z[0xb9][0xf0][0x1e][0x90]BZ[0x90]4a[0xd3]([0xc8][0x9c][0x92]U[0xc5]Ra[0xbe]R\[0xac][0xcf][0x92]J[0xf5][0x18][0xb4]a*E[0xa7]d[0x84]n[0x84]n[0x84]n[0x84]n[0x84]n[0x84]n[0x84]n[0x84][0xee]{[0x85][0xee][0x15]#[0xaf][0xa8]{[\r]k;`[0x8e]$[0xd6][0x82][0x9e][0x4]%i7[0x15][0xb5][0xe]k[\r][0xe8]N[0xdb][0x82][0xe][0xd7]4[0x90]5[0xb3][0xe4]k[[0xc9][0xcc][0xb1][0xf6]?[0x1]d[0xef][0x91]1Ep3[0xf3][0x1][0x18]S[0xb3][0x1a][0xba][0xf9]K[0x8c][0xb9]7[0xc][0xe6][0xbe][0x17][0xb0][0xe1][0xe5][0x9e];[0x9b][0x80],[0xde]J[0x9d][0xa2]k[0xdc]3Y[0xf4][0xff]%u[0xfe]p"r[0xc3][0xc][0xe6][0xc6][0x19]O[0x1]<;[0xc0][0x86]G0[0xbc][0x7]n4[0xa8][0x87][0xcf][0xb3]0[0x18][0x87]lJ[0xde][0x9e]5[0xc8][0x9][0x1f][0xba][0xc][0x98][0xe2]P[0xc][0x9c][0x98][0xb9][0xbe][0x10][0xcc][0x6]9>[0xd8][0xdf]][0xcd][\n]"
http-outgoing-0 << "[0xf9][0x10][0x4][0x9f][0xf8]|N[0xa6][0xa2]t[0x83][0xc][0xdd][0xb1][0x1b]3[0x8f][0xb0]![0xd0]F[0xec]Frl[0xcc][0xd2][0xbb]N[0xe1]9[0x6][0x8d][0xec][0xe7][0x91]([0x18][0xb8]PP^[0xb7]KNg[0xae]/[0xd9]V[0xfc]N2][0x10][0xe8][0xf2][0x9b][0xb9][0xd3][0xe6][0xec][0xdd]{[0xe7][0xc3][0x97]7[0xb3][0x9f][0xe2][0xce][0xf2][0xe5]7pg[0xdf][0x8d]w[0xbd][0x5]H[0xce][0x81][0xa5][0x1f]}[0xad]@g%[0xfb][0xfe][0xa9][0x93]j[0xf2][0xb7][0xb5]2r[0x9a][0x8e][0xb3]N[0x9c][0xd4][0xb6]k[0x80]s[0xb9][0xa3]WU[0x9b][0x9a]X"[0xb8][0x15]8[0xa9][0xd8][0xd1]["N[0xd5]P[0xd7][0x89][0xf3][0x8c][\r][0x84][0xc5][0xb8]?[0xe2][0xa4][0x8a]%[0x16]T[0xb6][0x86][0x9c][0xfb][0xca][0xc1][0xe1][0xe1][0xc1][0x1d][0x90][0x93][0x95][0xc1]$[0x3][0x1f][0x98]MW[0xff]R[0x90][0x9e]q[0x85]s6[0xa2][0xca]{[0xb8]}\[0xa4][0x85]_!G[0xc3]P[\r][0xdd][0xd2][0x95][0xcb]=[0xd5]0M[0x98][0x18]T[0xe9][0xa9][0xfa][0xc8][0xea][0xeb]#{h[0xf6][0xfa][0x19][0xd1][0x95][0x19][0xf6][0x17][0xf0][0xf1]'k,[0xd1][0x1e]=h[0xd1]#[0xf5]v[0xda][0xab][0xf4]|-[0xed][0x1d]@[0xa1]#[0xf3]&[0xda][0xd3][0xe4][0xdf]o[0xa1][0xbd][0xf4][0x9a][0x8d]a[0xaf][0x94][0xf2][0x80][0xb4][0x97][0x1a][0xac][0x1d][0x83]Q[0xaa][0xc]5[0xaa]*"[0xee][0xac]9[0xaa][0xd1][0xdc]l[0xe6][0xee][0x96][0xac]:[0xdd][0x5]A[0x86]J@[0xca][0xc1][0xb2][0xaf][0xdf]a[0xf7][0xaf][0x14]5d=[0xd9][0xa3][\r][0xdc][0xb8][0x10]r[0xb5]d[0xcd][0x84]R[0x83][0x7][0xeb][0xd5][0xe5]--[0x9d]T9[0xe1][0x2]zo([0x8a][0xbc][0xe9][0xe4]i[0xe2][0xab]/[0x16]tI'[0x96]o[0x99][0xaa]![0xb0]y[0xd0]W[0x82][0x11]]?[0x5][0xb4][0xbe][0xe8]Whq[0x90][0xa6]/[0xe2][0xed][0x97][0xf]v[0x16]x[0x8b]q[0x90]j[0xaf]BS}[0xfc][0xf8][0xf1][0x9]U[0xd5]][0x83][0xea][0x8e][0xe0]-k[0xd7]R[0x80][0xc3][0x8c]O[0x8d]4]3,[0x5]&[0xfa]?H[0xb7]a[0xd2][0xa8][0xd9]Yz~[0x9f]e[0xfa]'aeX[0x9c][0xea]Ki[0x2][0x85]m[0xf9][0x15]o[0x8e][0xea][0x82][0xf7][0x86][0xbe][0x1c][0xc5][0xe5][0xea]_[0xa8]M[0xb9]{m[0xeb][0x91][0xd9]&[0x89][0x9c]EP[.[0x8e][0xab]MC[0xab][0x9d]E[0xa8] p[0x8e][0xa2][0x80][0xba][0xd1]M}}[0x16][0xb1][0x96]Y[0xef][0xf8][0xb1][0xda][0x87][0x97][0x86][0xa9]HyF[0xae]FEO[0xc9][0x91][0xd8][0xb8]G[0x6][0x93] X[0x15][0x10]9[0x4][0xba]%[0x86][0x1][0xb8]{[0xe9]W[0xfc],[0x9c][0xb3]6n[0xf][0xe9][0xd1][0x3][0xfb]w[0x14][0xeb][0xdd][0xdc][0xbf][0xe3][0xb8][0xd3][0xd9]([0xe6]DV[0xae][0x10]uBo8[0x18][0x92][\r][0x17][0x9b]q[0xb1][0x19][0x17][0x9b]q[0xb1][0x19][0x17][0x9b]q[0xb1][0x19][0x17][0x9b][0xb7][0x15]\X[0xa9][0xf1][0xf0]0[0xb6][0xef][0xe1][0x91]y/SK[0xee][0xce]s[0x9a][0x9a]R[0x7][0xb1][0xba][0xad]+[0x9a]B[0xa9][0xa3][0x89][0xc1]P[0xe]/\[0xc9][0xcc]![0xb6]E[0x6]![0x10]$[0x98]y[0xe1]~,[0x9c][0x8f];)[0xbc][0xb6].[0xf7][0xda]$^.[0x92][0xb]3[0xfd]_r[0xfd][0x1b][0x86][0xc1][0xb0]&[0xaa][0xf0][0xcb][0x8b]}[0xf7]p8;k[0xdf][0x5]X[0xbf]eO!n]v{[0xa0][0xd9]R[0xf1][0xaf][0x6][0x9d](>[0xd8][0xe6]D[0xdb]i[0xb5][0xf]:[0x9b] [0xed][0xaa]`[0xc1][0x95]BoX[0xc8][0xb4][0xc8][0xb4][0xc8][0xb4][0xc8][0xb4][0xc8][0xb4][0xc8][0xb4][0xc8][0xb4][0xc8][0xb4][0xdb][0xf2]Z6j[0x98][0xd6][0xdc]>[0xd3][0x8a]#3$[0xd3][0xa6][0x11]'[0x8c][0x1b][0xbc][0x96]u[0xdd][0xb2][0x80]Z-U7[0x1d][0xcd]P[0xca][0xb][0xb3][0xeb][0x99][0x85][0x85]Y[0x1e][0xf2]?"[0x19]/[0x2]LuZ1[0xe1][0xa3][0x91]0[0xf9][0xd7]\[0x18][0xf0][0x10][0x92][0x83][0xd9]"[0xf]4<[\r][0xc2]<[0xda][0xb0]0[0xd9][0x85]xj[0xd2]1D.[0xdb]f[0xf1])[0x80]&[0xa2][0xb8][\n]"
http-outgoing-0 << "[0xc1][0xad][0xbf]F[0xd7][0x1d]s[0xbc][0x1f]v[0x1f]v[0xd5][0xb6]T[0xef]]BN[0x1c][0xff][0xd9]=?[0xdd],[0xec][0xc4][0xaa]hq[0x9e][0xde][0xa0]*[0x92].[0x92].[0x92].[0x92].[0x92].[0x92].[0x92].[0x92][0xee][0xb6]H[0xb7][0xe6]l[0xb8]b[0xda][0xb6][0xf7][0xe7]QC82+ZS[0xa9][0x8d]=[0xa1]S[0x1d][0xe4]^[0xb7]U[0xc7][0xd1][0x14][0xdd][0xb1][0xcb][0xa4][0xbb][0x96][0x99][0x93][0xee])@[0xe9][0xfe][0xe1]i[0xee][0xab][0xbc][0xf4]9[0x90][0xec][0xb]_[0xc1][0xea]H[0x17][0x85])[0xbb][0xe2]`[0x9f]E[0xec]4[0xc8][0x8d][0x96]g[0xc7]AsG[0xc9]T[0x98]n[0x81][0x6][0xec]*=[0xc6]y&"[0xe]K7g[0xc8][0x84]\[0xd2][0x7][0x8][0xb9][0xea]'[0xc2]j[0xd4][0xac][0xfc][0xfa]go.[0xd8][0xd4][0xd3][0xa7][0xf1][0xef][0xf4]v[0xbe]oWd[0xbb]A[0xad]M[0x8e][0xe0]([0xbd][0xdd][0xe6]h[0xdd][0xee][0xb4]7[0xa0][0xea][0xb4]T[0xf1][0xac]e[0xa3]A5[0x1b][0x81][0x1a][0x81][0x1a][0x81][0x1a][0x81][0x1a][0x81][0x1a][0x81][0x1a][0x81][0x1a][0x81]zK[0xc1][0x8a][0x1f]?O[0xeb]M[0xd5]l[0xea][0xb4][0x9e][0xa7]U[0x10]HUq[0x14][0xd3]QMe[0x9d][0xa7][0xcb][0x99]9O/}[0x1f]:)D[0xbf]p[0x81]0[0xc9]y[0xc0][0x86][0x12][0x81][0xd3]3[0x96]E8[0xe3][0xa8]5[0x9b][0xc9]B[0xd0][0xc3][0x97]~[0x5][0x89]#[0xf3][0xcd]gn[0xbc]5[0x8f][0xef][0xf5]<[0xba][0xdb]a[0xb5]T[0xef][0xe6][0xb0]z[0xf1][0xa2][0xd5][0xed][0xb4][0xce][0xce]6Y[0x8].[0x96]-x<h[\r][0xcb]DlElElElElElElEl[0xdd][0xe][0xb6]:5[0xd8][0xba][0xe1]F[0xb2][0xdf][0xea][0xf0][0x90][0xed]D[0xa3][0x2][u[0x5][0xc8][0xb5][0xe][U[0xd3][0xb2]-[0x87]j[0x8e][0xa2][0x1b][0x9a]e[0x96][0x9d]x[0xd7]3sl[0xdd]_[0xee]B[0x3]qY[0xf9]([0xfc]Q<>[0x3][0xec]7[0x88][0xd0]<[0xf5]b`[0xc9][0x10][0xec][0xd0][0x80]?%[0xef][0x1]r[0xe5]Y[0x1b]z[0xea][0xe4][0x90][0x1e][0xc9][0xac][0x17][0x8e]b[0xde][0xad][0x1e][0xac][0xf1][0xee]][0x14]}VZ[0xec][0xd5][0xeb][0x87][0xa5][0xdb]R[0xbd]w[0xf0]rh[0xbd]z[0xbe][0x99][0x8f]CV[0xb0][0xb0]Jl7([0xc5][0xc3]5[0x10]l[0x11]l[0x11]l[0x11]l[0x11]l[0x11]l[0x11]l[0xb7][0x4][0xb6]ugk<[0x82][0xf5][0xd8][0xd5][0xee]4P[0xe2][0x96][0x8c]?\[0x1b]bA[0xd5][0xc][0xdb][0xd0]MC[0xd1][0xa8]n[0x19][0xea][0x1a][0xd8][0xae]e[0xe6]`{[0x10]H[0xae][0x95]'[0xc6][0xcd][0xc1][0x96]K[0x13][0xc][0x1f][0x84][0xb3]n[0x0]v<[0x8a][0xc5][0xd1][0x1a][0x83][0x9]i[0x83],[0x89][0xa4][0x8e][0x88][0xb2] "/[0x4][0xf0][0x16][0xa1][0x8c][0xbd][0x0]W[0x88][0xa3][0xe6][0xa4]GC[\n]"
http-outgoing-0 << "[0xb8][0xab][0xf8]l[0x15][0xb6][\r]_[0x1f][0x1c][0xf1][0xbe][0xfe].[0x1a]=,[0xdb][0x96][0xea][0xbd][0x83][0x9b]Aw[0xa3]=j[0xcb]b[0x85]C[0xe3]L[0xe0]Z[0x7][0xb9][0x16][0xb9][0x16][0xb9][0x16][0xb9][0x16][0xb9][0x16][0xb9][0x16][0xb9][0x16][0xb9]vK[0x8e][0xbb]?[0x1d]f[0xec]![0xdc][0xc][0x14][0x19]9[0x8c][0xaa]M[0xdd][0xaa][0xc3]Z[\n]"
http-outgoing-0 << "[0xa3][0xdb]4[0x1d][[0xa7][0x96][0xe6]XV[0xd9][0xcd]`=3[0xc7][0xda][0xe3][0xf8][0x8f][0x88]@w[0x10][0xce]"[0xb9][0x9][\r][0xa4][0x9e][0x93]d[0xb6]Z[0x85]%[0x0][0xaf]b[0xbb]Z[0xbe][0xe3]LnW[0xb][0xfc]t[0x5]w$[0x3][0x8a][0xc5][0xe1]b[0x97]t',[0xce][0x8e]K[0x9e]O[0x16]d[0xce][0x9]@[0x0]/[0x85]o[0xa8]r[0xee][0xe8][0xf9][0x9b][0x1][0x9f][0xfb]}[0xed][0x81][0xf]G.[0xd5][0xbb]9[0xe7][0xb6][0xda][0xdd][0xc3]N[0xf7][0xf8][0xcf][0xe7][0x9b][0xd0]n[0xa9]pq[0xb7][0x9a][0xd5][0xa0][0x9a][0x82][0xd0][0x8b][0xd0][0x8b][0xd0][0x8b][0xd0][0x8b][0xd0][0x8b][0xd0][0x8b][0xd0][0x8b][0xd0][0xbb][0xa5]XcU[0xe8][0xb5][0xb6][0xf][0xbd]G[0xa1][0x9b]B[0xaf][0xf4][0xad]U[0xcc]&[0xad][0x85]^Ew[0xc][0xdb][0xa2][0xd4]Q[0x15][0xcd][0xd0][0xb4][0xf2]9[0xc9][0xeb][0x99]9[0xf4][0x9e]s6[0x94][0xb0];[0x17][0xef]H&[0xf0][0x15]D[0x98]G[0xc4]s[0xaf]x[\n]"
http-outgoing-0 << "[0xbd]a[0x10]=[0xad]:[0x1c][0xbc][0xa5][0x1f][0xa6][0xd3][0xd7][0xfe][0xfb][0xab][0xf1][0xc3][0xc2]j[0xa9][0xde][0xbb][0x84]Ux[0xd1]=[0xdb][0xc4][0xdf]`Y[0xae][0x14][0xf4][0xcc][0xd4][0x11]P[0x11]P[0x11]P[0x11]P[0x11]P[0x11]P[0x11]P[0x11]P[0x1f][0xcf][0xee][0xaf]G[0x10][0xb]7s[0xa3]Ut[0xa1][0xc4]5[0xf8][0xbf]6n[0x98][0xa2]R[0xb][0xc4][0xdf]v,0kt[0xcd][0x8d]v=s[0xa7].n[0x98][0xf0]:[0x10][0x81][0x13][0xfa][0x89][0xeb][\r][0xd3]E[0xd7]`.[0xec][0xff]t[0x9a][0xf8]n[0xbc] [0xc1](?[0xdf]j[0xda]gQ[0xc4][0x86]A[0x1a]H[0x1][0xc][0xa1]/b,[0x80][0xe9][0x97]P+[0x8c][0x98](^:[0x14][0xa2][0xba]${|[0xd0]9|[0xd1][0xea]vO[0xac][0x87][0xa5][0xdc]R[0xbd]w[0x8][0x90][0xdb]Q7`[0xdc][0xb4]Tq[0x11][0xd6]iPME[0xc6]E[0xc6]E[0xc6]E[0xc6]E[0xc6]E[0xc6]E[0xc6]E[0xc6][0xdd][0xe][0xe3][0xd6][0xc5][0xc6][0xa5][0x8f][0x8b]q[0xe5]*[0xac]^[0x1b]1L[0xa1][0xe2]XcC[0x1][0x8b][0xa1]Y[0xba][0xa5][0x96][0x19]w-3g[0xdc]eh[0x3]q[0xfc][0x98][0xa4][0xda][0xb1][0xac]:[0x8a]3<[0x1d]$a[0xc8][0xfd][0xc1]b[0x97]<[0xe7]1[0x9][0xdd][0xc1][0xa4][0xb8]5,vgbK[0xd8][0xf][0xe0][0xb5][0x1a][0xc]ab[0xbd][0x1d]{[0xda][0xcb][0xe8][0xec]?[0x98]k-[0xa5][0xe1]h2[0x9e][0x98]<[0xc3]V>V[0xde]M:U[\r][0xb0][0xec][0xb6][0xb3][0x1e][0xc2]x=[0xb3][0xec][0xa4][0xab]7([0xb5][0xb2][[0xde][0xa2][0x8c]e[0x99][0xcb][0xbd][0xfd]'[0xbd][0xd3]E[0xfb][0xe0][0xdd][0xa0][0xd5]z[0xde][0x9f].[0x95][0xfe][0xea][0x6][0xb7][0xeb][0xd9][0x1f][0xde][0xe7][0x86][0xa8][0x13][0xc5][0xe].7[0xdc][0xcc][0x1d][0x94][0xf]z,[0x95][0xad][0xe9][0x94][0xa8][0xc2][0xfd]{+J[0x85][0xab][0xe5]p[0xbe][0xdc][0xab][0xca]7[0xbc][0xc7]$[0x88][0xe1]a[0xa8][0x10][0xb2]T[0x99][0xc8][0x14]A[0xca][0xee][0xd7]T[0xbc]b`[0xd6][0xbe][0xf8]0[0x97][0xe7]*[0x83]Z\[0xfe][0xb][0x3][0x2][0xca][0xc0]%[0x83]0[0x98][0x9][0xfd][0xe3][0x89][0xb3][0xbc][0x97]%[0x81][0x9c]VE[0x8b]eGn,[0x8a]F`i[0xbc]eQ[0xb0][0x13][0xb2][0xa4]Ak[\n]"
http-outgoing-0 << "[0x8a][0x96]M[0xa6]Y[0xf5][0xea][0xf2][0xa6]N[0xf5][0x9e][0xdf]%G[0xae][0xd4]uq[0x80][0xa0]p[0xa1]p[0xdd][0x87]p[0xe1][0xcc][0x1b]g[0xde]8[0xf3][0xc6][0x99]7[0xce][0xbc]q[0xe6][0x8d]3o[0x9c]y?[0xf4][0xcc][0xbb][0xe6][0xb0]om[0xfb][0x13][0xef]l+[0xab][0xa2][0x89][0xad][0xac][0x9a][0xd5]T[0xeb]~\2[0x1c][[0xd5]U[0xd5][0xb2]TJUj9[0xa5][0x89]w%3[0x9f]x_[0xf0][0xd4]M?[0x94]~N[0xc9]PzB[0xb9][0xbe][0xfc][0x8d][0xa8][0x1d][0x6][0xfe]WN[0x9e]u'[0xbc][0x13][0xf3]k[0x97][0xb7][0xe6],[0x1c]Fd[0x99]-[0xaa]'[0xad])[0xa8]v[0xf1][0x93]T;[0x89][0x84][0xdb]TD[0x96][0x85][0x84]][0x17]3yy<c[0x14]x[0x89][0xec][0xeb][0xbf][0x89][0xda]T[0xb3]2[0x1d][0x9f][0xf][0xce]^&_[0xde][0x1b][0xfe][0xa4]<[0x1d]OE[0xe9][0x9e][0xa2]u[0xaf][0xbd]G[0xce]Q[0x90]A[0xd2][0x1c][0xb2][0xca][0x12][0xad]j[0x18]Bm[\n]"
http-outgoing-0 << "[0x83][0xb8]j[0xcb],[0xa9]d[0xed]5%;[0x16][0xf2][0x16][0xee]([0xbd][0xe6]fs[0x1][0x17][0xae][0xe2][0xfd][0xc2]D[0xa0][0xae]3[0xcb]X[0xf2][0xe3][0xeb][0xd3][0x1e][0xc0][0xdf][0xbf][0x90][0xc2][0x91][0xc2][0x91][0xc2][0x91][0xc2][0x91][0xc2][0x91][0xc2][0x91][0xc2][0x1f][0xf][0x85][0xd7][0xec][0xbc]}[0xc][0xa1][0x12][0x8b][0x18][0xae][0x83]Eh[0x1a]u[0xa1][0x12]A[0xc]-C[0xb5]MM[0xb3][0x15][0xcd][0xb1][0xcb][0x11][0xbe]+[0x99]k[0xbf]I[0xa3][0xe][0xcf][0xf4]Dj[0xf4]S_lD [0x7][0x2][0xa0][0xc9]?[0xc9][0xb3][0xd6][0xe0][0x8b][0x1b]L[0xc9][0xe9]h[0x94][0xa7][0xff][0x8b][0xb4][0xb9][0x4][0xad][0x13]i[0xbc][0x85][0xd1][0xaf][0xb0][0xf5][0x1b][0xef][0xc3][0xd7][0xf6][0xdb][0xaf]F[0xfb]^w[0xd5][0xae][0xc3]u[0xfa]t9[0x15][0xad][0xbe]K[0x8e]24[0x9b]:[0x8a]Q[0xe4][0xa8]eR[0x19][0xa4][0x8d][0x86][0xae]n[0x2][0xd2][0xa5]w[0xba][0xc3][0x8e][0xdd][0xfd]w[0xc7][0xa7]'[0x1b][0xfc][0x92][0xb6]*X[0xf8]1[0xcd]l8[0x18][0x9c][0x6][0x11][0x19][0x11][0x19][0x11][0x19][0x11][0x19][0x11][0x19][0x11][0x19][0x11][0xf9][0xf1][0xec][0xd3][0xdd][0x82][0x87][0xd8][0xa7][0xff][0x3][0x0][0x0][0xff][0xff]"
http-outgoing-0 << "[\r][\n]"
http-outgoing-0 << "a[\r][\n]"
http-outgoing-0 << "[0x3][0x0][0xdc]2[0xf5][0xce]![0xec][0x0][0x0]"
http-outgoing-0 << "[\r][\n]"
http-outgoing-0 << "0[\r][\n]"
http-outgoing-0 << "[\r][\n]"
Connection [id: 0][route: {s}->https://api.twitter.com:443] can be kept alive indefinitely
Connection released: [id: 0][route: {s}->https://api.twitter.com:443][total kept alive: 1; route allocated: 1 of 2; total allocated: 1 of 20]
another huyovuy message
ny i huyna eta java
CookieSpec selected: default
Auth cache not set in the context
Connection request: [route: {s}->https://api.twitter.com:443][total kept alive: 0; route allocated: 0 of 2; total allocated: 0 of 20]
Connection leased: [id: 0][route: {s}->https://api.twitter.com:443][total kept alive: 0; route allocated: 1 of 2; total allocated: 1 of 20]
Opening connection {s}->https://api.twitter.com:443
Connecting to api.twitter.com/104.244.42.2:443
Connecting socket to api.twitter.com/104.244.42.2:443 with timeout 0
Enabled protocols: [TLSv1, TLSv1.1, TLSv1.2]
Enabled cipher suites:[TLS_ECDHE_ECDSA_WITH_AES_256_CBC_SHA384, TLS_ECDHE_RSA_WITH_AES_256_CBC_SHA384, TLS_RSA_WITH_AES_256_CBC_SHA256, TLS_ECDH_ECDSA_WITH_AES_256_CBC_SHA384, TLS_ECDH_RSA_WITH_AES_256_CBC_SHA384, TLS_DHE_RSA_WITH_AES_256_CBC_SHA256, TLS_DHE_DSS_WITH_AES_256_CBC_SHA256, TLS_ECDHE_ECDSA_WITH_AES_256_CBC_SHA, TLS_ECDHE_RSA_WITH_AES_256_CBC_SHA, TLS_RSA_WITH_AES_256_CBC_SHA, TLS_ECDH_ECDSA_WITH_AES_256_CBC_SHA, TLS_ECDH_RSA_WITH_AES_256_CBC_SHA, TLS_DHE_RSA_WITH_AES_256_CBC_SHA, TLS_DHE_DSS_WITH_AES_256_CBC_SHA, TLS_ECDHE_ECDSA_WITH_AES_128_CBC_SHA256, TLS_ECDHE_RSA_WITH_AES_128_CBC_SHA256, TLS_RSA_WITH_AES_128_CBC_SHA256, TLS_ECDH_ECDSA_WITH_AES_128_CBC_SHA256, TLS_ECDH_RSA_WITH_AES_128_CBC_SHA256, TLS_DHE_RSA_WITH_AES_128_CBC_SHA256, TLS_DHE_DSS_WITH_AES_128_CBC_SHA256, TLS_ECDHE_ECDSA_WITH_AES_128_CBC_SHA, TLS_ECDHE_RSA_WITH_AES_128_CBC_SHA, TLS_RSA_WITH_AES_128_CBC_SHA, TLS_ECDH_ECDSA_WITH_AES_128_CBC_SHA, TLS_ECDH_RSA_WITH_AES_128_CBC_SHA, TLS_DHE_RSA_WITH_AES_128_CBC_SHA, TLS_DHE_DSS_WITH_AES_128_CBC_SHA, TLS_ECDHE_ECDSA_WITH_3DES_EDE_CBC_SHA, TLS_ECDHE_RSA_WITH_3DES_EDE_CBC_SHA, SSL_RSA_WITH_3DES_EDE_CBC_SHA, TLS_ECDH_ECDSA_WITH_3DES_EDE_CBC_SHA, TLS_ECDH_RSA_WITH_3DES_EDE_CBC_SHA, SSL_DHE_RSA_WITH_3DES_EDE_CBC_SHA, SSL_DHE_DSS_WITH_3DES_EDE_CBC_SHA, TLS_EMPTY_RENEGOTIATION_INFO_SCSV]
Starting handshake
Secure session established
 negotiated protocol: TLSv1.2
 negotiated cipher suite: TLS_ECDHE_RSA_WITH_AES_128_CBC_SHA256
 peer principal: CN=api.twitter.com, OU=tsa_o Point of Presence, O="Twitter, Inc.", L=San Francisco, ST=California, C=US
 peer alternative names: [api.twitter.com]
 issuer principal: CN=DigiCert SHA2 High Assurance Server CA, OU=www.digicert.com, O=DigiCert Inc, C=US
Connection established 172.18.204.103:36873<->104.244.42.2:443
Executing request GET /1.1/statuses/home_timeline.json HTTP/1.1
Proxy auth state: UNCHALLENGED
http-outgoing-0 >> GET /1.1/statuses/home_timeline.json HTTP/1.1
http-outgoing-0 >> Authorization: OAuth oauth_consumer_key="TgCs2L7UlxzeygG4bvMzO7nMz", oauth_nonce="8829095194957791073", oauth_signature="iJRPFN%2Bt9ONXmPaVNmIwEzQwEGg%3D", oauth_signature_method="HMAC-SHA1", oauth_timestamp="1497963997", oauth_token="625011534-Fd15DyhL26AdAs82jh9VNhYdqSwdoEWmeZry0JDc", oauth_version="1.0"
http-outgoing-0 >> Host: api.twitter.com
http-outgoing-0 >> Connection: Keep-Alive
http-outgoing-0 >> User-Agent: Apache-HttpClient/4.5.3 (Java 1.5 minimum; Java/1.7.0_131)
http-outgoing-0 >> Accept-Encoding: gzip,deflate
http-outgoing-0 >> "GET /1.1/statuses/home_timeline.json HTTP/1.1[\r][\n]"
http-outgoing-0 >> "Authorization: OAuth oauth_consumer_key="TgCs2L7UlxzeygG4bvMzO7nMz", oauth_nonce="8829095194957791073", oauth_signature="iJRPFN%2Bt9ONXmPaVNmIwEzQwEGg%3D", oauth_signature_method="HMAC-SHA1", oauth_timestamp="1497963997", oauth_token="625011534-Fd15DyhL26AdAs82jh9VNhYdqSwdoEWmeZry0JDc", oauth_version="1.0"[\r][\n]"
http-outgoing-0 >> "Host: api.twitter.com[\r][\n]"
http-outgoing-0 >> "Connection: Keep-Alive[\r][\n]"
http-outgoing-0 >> "User-Agent: Apache-HttpClient/4.5.3 (Java 1.5 minimum; Java/1.7.0_131)[\r][\n]"
http-outgoing-0 >> "Accept-Encoding: gzip,deflate[\r][\n]"
http-outgoing-0 >> "[\r][\n]"
http-outgoing-0 << "HTTP/1.1 200 OK[\r][\n]"
http-outgoing-0 << "cache-control: no-cache, no-store, must-revalidate, pre-check=0, post-check=0[\r][\n]"
http-outgoing-0 << "content-disposition: attachment; filename=json.json[\r][\n]"
http-outgoing-0 << "content-encoding: gzip[\r][\n]"
http-outgoing-0 << "content-type: application/json;charset=utf-8[\r][\n]"
http-outgoing-0 << "date: Tue, 20 Jun 2017 13:06:37 GMT[\r][\n]"
http-outgoing-0 << "expires: Tue, 31 Mar 1981 05:00:00 GMT[\r][\n]"
http-outgoing-0 << "last-modified: Tue, 20 Jun 2017 13:06:37 GMT[\r][\n]"
http-outgoing-0 << "pragma: no-cache[\r][\n]"
http-outgoing-0 << "server: tsa_o[\r][\n]"
http-outgoing-0 << "set-cookie: lang=ru; Path=/[\r][\n]"
http-outgoing-0 << "set-cookie: guest_id=v1%3A149796399746766637; Domain=.twitter.com; Path=/; Expires=Thu, 20-Jun-2019 13:06:37 UTC[\r][\n]"
http-outgoing-0 << "status: 200 OK[\r][\n]"
http-outgoing-0 << "strict-transport-security: max-age=631138519[\r][\n]"
http-outgoing-0 << "transfer-encoding: chunked[\r][\n]"
http-outgoing-0 << "x-access-level: read-write[\r][\n]"
http-outgoing-0 << "x-connection-hash: 2dc93f28d16a2670619bceec097e1e4f[\r][\n]"
http-outgoing-0 << "x-content-type-options: nosniff[\r][\n]"
http-outgoing-0 << "x-frame-options: SAMEORIGIN[\r][\n]"
http-outgoing-0 << "x-rate-limit-limit: 15[\r][\n]"
http-outgoing-0 << "x-rate-limit-remaining: 14[\r][\n]"
http-outgoing-0 << "x-rate-limit-reset: 1497964897[\r][\n]"
http-outgoing-0 << "x-response-time: 158[\r][\n]"
http-outgoing-0 << "x-transaction: 005a17dd0013fb6d[\r][\n]"
http-outgoing-0 << "x-twitter-response-tags: BouncerCompliant[\r][\n]"
http-outgoing-0 << "x-xss-protection: 1; mode=block[\r][\n]"
http-outgoing-0 << "[\r][\n]"
http-outgoing-0 << HTTP/1.1 200 OK
http-outgoing-0 << cache-control: no-cache, no-store, must-revalidate, pre-check=0, post-check=0
http-outgoing-0 << content-disposition: attachment; filename=json.json
http-outgoing-0 << content-encoding: gzip
http-outgoing-0 << content-type: application/json;charset=utf-8
http-outgoing-0 << date: Tue, 20 Jun 2017 13:06:37 GMT
http-outgoing-0 << expires: Tue, 31 Mar 1981 05:00:00 GMT
http-outgoing-0 << last-modified: Tue, 20 Jun 2017 13:06:37 GMT
http-outgoing-0 << pragma: no-cache
http-outgoing-0 << server: tsa_o
http-outgoing-0 << set-cookie: lang=ru; Path=/
http-outgoing-0 << set-cookie: guest_id=v1%3A149796399746766637; Domain=.twitter.com; Path=/; Expires=Thu, 20-Jun-2019 13:06:37 UTC
http-outgoing-0 << status: 200 OK
http-outgoing-0 << strict-transport-security: max-age=631138519
http-outgoing-0 << transfer-encoding: chunked
http-outgoing-0 << x-access-level: read-write
http-outgoing-0 << x-connection-hash: 2dc93f28d16a2670619bceec097e1e4f
http-outgoing-0 << x-content-type-options: nosniff
http-outgoing-0 << x-frame-options: SAMEORIGIN
http-outgoing-0 << x-rate-limit-limit: 15
http-outgoing-0 << x-rate-limit-remaining: 14
http-outgoing-0 << x-rate-limit-reset: 1497964897
http-outgoing-0 << x-response-time: 158
http-outgoing-0 << x-transaction: 005a17dd0013fb6d
http-outgoing-0 << x-twitter-response-tags: BouncerCompliant
http-outgoing-0 << x-xss-protection: 1; mode=block
Connection can be kept alive indefinitely
Cookie accepted [lang="ru", version:0, domain:api.twitter.com, path:/, expiry:null]
Cookie accepted [guest_id="v1%3A149796399746766637", version:0, domain:twitter.com, path:/, expiry:Thu Jun 20 16:06:37 EEST 2019]
http-outgoing-0 << "132c[\r][\n]"
http-outgoing-0 << "[0x1f][0x8b][0x8][0x0][0x0][0x0][0x0][0x0][0x0][0xff][0xec][0x9d][0xb]s[0xdb]8[0x92][0x80][0xff][\n]"
http-outgoing-0 << "[0xd6]W[0xbb]sW[0xab][0xd8][0x4][0xdf][0xd4][0xd5]V"[0xf9][0x91]x[0x13][0x8f][0x1d]K[0x89][0xf3]pJ[0x5]I[0x90][0xc4]1E*|XQR[0xf9][0xef][0xd7][0x0]E[0x91][0x14][0xe9]XN[0x1c][0xcb][0xb7][0xd5][0x9e][0xa9][0x8a][0x4][0x80][0x4][0x9]4[0xba]?@[0x8d][0xc6][0xc7]o;[0x83][0x90][0xb3][0x98][0xf]{,[0xde]i[0xee]\[0xf0]![0xf9]w[0xe2][0x13][0xaa][0x13]j7U[0xa7]iX[0xe4][0x9f][\n]"
http-outgoing-0 << "[0xfc][0x11]U[0xa1][0xd6]Nc[0xc7][0x1d][0xee]4m[0xcb]P[0xc][0xcb][0xd2][0x15][0xd5][0xa2][0xba][0xa1]R[0x93][0x8a][0xf4]^[0x14][0x87]p[0x87]j&\[0x15][0xf3]/[0xe2][0xee][0xaf]8[0xb]}2[0x9][0xe6][0xa4]3a![0xef]N[0xdc][0x88][0xfc][0x83]Mg[0xff]K[0x9e][0xbd][\n]"
http-outgoing-0 << "b6[0xe5]d[0xc2][0xbd][0x19]<[0xc2][0xb3][0xd6][0xc9]Y[0xaf]5[0xe6][0xfe]`A[0xe0][0xf1][0x6][0x13][0xe2][0xfa]O[0xa6],[0xbc][0xe2]1[0x89]Cv[0xcd]=[0x1e]Fd[0x18][0xba][0xd7][0xae]?&[0x8c][0xe8][0x86][0xf1]wr[0xce][0xe3][0x4]n[0x1f][0xf8][0xa4]5$[0x9d][0x19][0xf7][0x87]M2[0x89][0xe3]Y[0xd4][0xbc][0xdc][0xbb][0xdc][0x8b]w[0x7][0xc1][0xe5][0x9e][0xf3]z|[0xf5][0xb9][0xff][0xd5];[0xd7][0xc4]S[0x85][0x89]?[0x10][0xef][0xbe][0xd3][0x1c]1/[0xe2][0x8d][0x1d][0xee][0xc7]n[0xec][0xf2]h[0xa7][0xf9]mg[0xc2][0xa2]I[0xcc][0xc6][0xf0][0xf9][0xe3][0xa7][0xc6]N[0xb4][0x98][0xf6][0x3]o[0xf9]%[0x89]x[0xd8][0x9b][0x8a][0xc2][0x81]/[0x92][0xbe][0xed]D[0xd0][0x8a][0xdc][0xef][0xf9][0xf0][0xe][0xe2]=[0xe5][0xcb]@[\r][0xa5][0xef][0xa4][0x13]xIz[0xc9][0xb2][0x1d]5S1[0x14][0xb5][0xd8]xi[0x8a][0xc8][0xf7][0x87][0xee]@<[0xc8]G[0xd5]lh[0xda][0xa7][0xef][0x8d][0xf5]J[0xf2]&[0xca]+[0x82]4[0xb2]J[0x13]U8T[0xa7][0x86][0xa3][0x14];(K*U[0xa2][0xd3][0x86][0xa1]~[0xfa].[0xde]-[0xf4][0xd2]W[0x82][0xf]P[0xfa][0x87][\r][0xc8][0xbf][0xcc][0x98]?[0x4][0xd9][0xc9][0xcb][0xca][0xa2][0xe3]`7[0x12][0x1d][0x1c]C[0x7][0xc3]U[0xd3][0xcb][0xbd]W](>t[0xa3][0x99][0xc7][0x16][0xcb][0xd2]7[0x14][0xca][0x9f][0x89]R[0xbd]A5[0xb][0x9e][0xea];[0xb4][0x90][0x84][0x3][0xf1][0x8a][0x97][0x89][0xa2]h[0x3]F&![0x1f][0xfd][0xeb]2[0xaf]3[0x9e][0xbb]q[0xcc]Cy[0xa7][0x1d][0x10][0x1a][0xf]2[0xfd]`[0x14]x^0[0xbf]L[0xaf][0xe2][0xdd][0xb4][0xc][0xb9][0xe0]}[0xb2][0xef][0xb9][0xd0][0x81][0xe9][0xdd].[0xf7]XZ@[0xd6][0xdf][0xb][0xf9][0xcc][[0xf4][0xe2][0x0][0x1a][0x8c][0xc5]I[0xd4][0x13][\r][0xe9]'[0x9e]wCf[0xda][0xae][0xd5][0x2]RJ[0xea][0xaf]]f[0xdd]te[0xa9][0xa3][0xd3]lq[0x85][0x90]Jq?[0xe8]@j[0xda][0x8a]U[0xe8][0xd4],)[0x17][0x85][0xd5][0x8][0x83][0xa4][0xb2][0xe0][0x14]s[0xbc][0x0][0x6][0x0][0x88]$$[0x9f]1/ -/[0xe][0x1a]d[0xbf]%z[0x8b][0xc3]e[0xee]l[0x99][0x9b][0xf][0xd8]Y0[0x17][0x83]o[0x92]L[0x99]O[0x6][0x81][0xef][0xf3][0x81][0x14]j[0xd2]_[0x88][0xb1][0xe9]G[0xa3] [0x9c][0xca]a[0x99][0xc4][0x13]1F[0x6][0xcb][0xb2][0xa2][0xb7]Ez[0x9f]O[0xd8][0xb5][0x1b][0x84]0[0xa6][0xe3][0x80]0y5[0xeb]{[0x9c][0x4]I<K[0xe2][0x88][0xb0][0x98]D[0x3][0x6][0x9]p'[0x92][0x8e]zQ#[0x88][0x1a][0x99]%}[0xcf][0x8d]&[0xf0]uw[0xa7]q[0x83][0x88]z[0xd6][0xf9][0x87]+[0xe3][0xbd][0xa3][0xdb];[0xe5][0x11]-[0x8b][0xbb]M[0xc2][0xcb][0x97][0xdf] [0xe1][0xf3][0xf9][0xbc],[0xbd][0x15][0xf1]^[0xcf][0xcd][0xe5]Zi[0xa8]Z*[0xd4][0xa5]&^=[0xd8][0xa7][0xef][0x90]5[0xb][0x83][0x18][0x1a][0xb6][0xa0][0x9b]RQ[0x86]7[0xef][\r][0x82][0xc4][0x7]u[0xaa][0xaa][0x1a][0xfc][0x99][0x90][0x13][0x82]([0xf]W[0xe9][0xba][0xae]h[0xd0][0xb3]n$[0xb4]z[0x96]f[0xea]v[0xa3][0xac][0xea]O@Q[0x9e][0xb0][0x90]P[0x85]P[0x7][\n]"
http-outgoing-0 << "4[0xb5]\[0xd5]+[0xe2][0xdd]G[0xec][0x1a][0x6][0x9d][0x1b][0xf3][0xbc]F[\r][0x14]I[0x12][0xf]z[0xc1]h[0x14]qHxB[0xa1]2[0x5]4[0xa9];[0xe5][0xbd][0xaf][0x81]/[0xc4][0xeb][0x90]A[0xc5][0xa0][0x87][0xbb][0x90]F[0xfe][0xfb]M[0x87][0xfc][0x83][0xec]3[0x9f][\r][0xd9][0xff][0xc0]=[0xc7]<[0xe8]q[0xd9][0xdb][0xf0]b[0xa0][0xe1][0xbd][0xae]y[0xe8][0x8e][0xdc][0xc2][0x8b][0xa6][0x3]+[0xaf][0xd5][0xd0]t[0xd0][0x91][0x1e][0xf3][0xc7]pw[0xee][0xc3]]@[0xea][0xe2][0xd0][0xed]'q[0x0][0xad][0xb1][0xba][0xdd][0xf2]r7[0xea]I1[0xf4][0x18]d[0xd7][0xa5]BkW.[0x82][0xe6][0x1e][0xb9][0x1e][0xef][0xf5][0xd9][0xe0]j[0x1c]B[0xbd][0xa2][0xe5][0xbc]@[0xea]K[0xf5][0x0][0xde]q[0xa7][0xb6][0x8c];ec[0xbe].[0x1b][0xb3]~[0xb4][0xb][0xda]h:N[0xb5][0xda]M[0x97]E[0x97]{[0xa6]m:[0xd4]R-MSu[0xcd]0[0xc][[0xbf][0xdc][0xfb][0xf0][0xa4]m[0x87][0xfd][0xe4][0xed][0xee]_[0xb3][0xf1]-[0x95][0xf6][0xa4][0xe8][0x96]D[0xf8]w[0xd7][0x1d][0xc3][0xf7][0xac][0xe3][0xb2][0xec][0xbb]4B^[0xbb][0xa5][0x98][0xd4][0xd4][0xc]G[0x5]Hp[0xa8][0xa1]B[0x99]1{[0xd5]>}}[0xd4][0xf3]A[0x81]0ow[0xe6][0x17][0x1f][0xe2]'[0xde][0xfa][0xe7]+[0xeb]3Pkao]A[0xdc][0xd8][0xba][0xa2]4T[0x94]ia[0xf1][0xc9][0xb6][\r][0xcb]4[0x1c][0xab]pW[0xcf][0xf5][0xaf]r[0xb1]2[0xc5][0x85][0xdc][0xc8][0x1d][0xf2]>[0xb]{[0xfd] [0x1c]B[0xdd]Y[0xb9]#[0xf9]WS[0xe][0xbe]xy)C[0xfc]W(%[0x88]k[0x95][0xab][0xc8][0xbf]B.[0xc][0xaf][0x8a]Ld[0xdd][\n]"
http-outgoing-0 << "[0xdc][0xd3][0x83][0x8b][0xb9]T{[0xcb][0xb]V[0xe3]d[0xc8]G,[0xf1][0xe2][0xdb][0xd2][0xb3];[0x96]T[0x97]+[0x6]pZG[0x9a][0x0][0x6][0xef]s[0xc2][0xa3][0xb8][0x17]q1[0xce][0x97][0x85][0xfd] [0x6]}[0x90][0x9a][0xa5]h[0x95][0x9a][0xf][0xe9]^[0xbc][0x98][0x9]=[0xe3][0xb]u[0xf3]][0xaa][0x94][0xcc]H[0xe][0x2]h;[0xd7][0x7][0x1d][0x17]eI[0xa0][0x91][0x7]<[0xcf][0xcf][0xf5][0xc6][0xca][0xee]F[0xbd][0xcf][0x9][0xe8][0xda][0xa5]=_U[0x8][0xca]{[0xce]y[0xbc]R}[0xa9]>[0x14][0xea]0Kr[0xf2][0xa4][0xe1][0xfa]eE[0xd5][0x12]D[0x91][0xdb][0x7][0xc3][0xe]o[0x19][0x81]-[0xba][0xe6]?[0xc8][0xea][0xb1][0xd9][0x8c]3O([0xa7]U[0xa9]\[0xf3][0x9][0x8],[0xe9][0xf0]n[0xc2]S\[0xd7][0x80][0xd8][0x9b][0xd4]jjz[0x1d][0xae][0xeb][0xa6]Fm[0xcd][0xd2][0x14][0xc3]P,[WJ[0xb8][0xbe][0x9e][0x99][0xe3]z[0x7]:k<[0xf6][0x84][0xcd][0xee][0x6][0xe4]9sA[0xa9][0x87][0xa9][0xbd][0x16][0x94][0xbd][0xa4][0xa9][0xa7][0x90][0xb8] [0xdd][0x9][0x8f]8[0xd1][0x9]\[0x3][0x8f]7[0x6][0x8b][[0x85][0xef][0xbe][0xfa][0xf6]|[0xdf][0xbf][0xfe]w8[0xbd]O[0xf8][0xbe][0x9d]YK[0xf5]n[0xce][0xac][0xfa][0xf2][0x5][0xbb][0xee],[0xea]^l[0xc0][0xaf][0x95][0xb]r[0x9b]o[0xea][\r][0x1b]I[0x16]I[0x16]I[0x16]I[0x16]I[0x16]I[0x16]I[0x16]IvK$[0xeb]TI[0xd6][0xb4][0xb7][0x8f][0xb2]G[0xa1]+QVq[0x4][0xca][0x1a]vS[0xa9]]y[0xd6]([0x88][0xbe]\[0xc2][0xa4][0x8a]cj[0xa5][0xc5][0xd3]Jf[0x8e][0xb2][0xad][0x90][0x93]E[0x90][0x90]$[0x12]v;[0x96][0xb0][0xfa][0xec][0x15]H1[0x1f][0x1e][0x83]=_A+[0x1];.[0x96][0x95][0xb9][0x0][0x80][0x11]t[0x9e]H[0x80][0xb]C[0x2]/[0xc5][0x9f]V[0x90]vt[0x12][0xbe]qC[0xa6][0xff][0xf9]{[0xd7][0x93][0x97][0xf]ZXQ[0xce]S$G[0x1][0xbd][0xdb][0x96]Ul[0x8d],[0xa9][0xbc][0x96][0xc][0x16][0xdb][0xd9]d[0x99][0xb7][0xf4]^wX[0xe6]mo[0xb4][0xce][0xdb]./[0xf4][0xc2]s;[0x6][0xc2]1[0xc2]1[0xc2]1[0xc2]1[0xc2]1[0xc2]1[0xc2]1[0xc2][0xf1]v[0xe0][0xd8][0xaa][0xc2][0xb1][0xaa]m[0x1f][0x8e][0x85][[0xc6][0x9][[0x10][0x8d]J%[0xee]4[0x8d][0xda]u^H[0xd0]u[0x8d]j [0x90][0x8e]i[0xe8]z[0x9][0x8e][0xd7]3s8~[0x11][0xcc][0xb][0x16][0x97][0xc][0xc0][0x88]{[0x1c][0xf4]5[0xf4][0xad]@e7$#7[0x8c][0xe2]'3[0x16][0xc6][0xb]2d1[0x13]T[0xec][0xfa][0xe2][0x11][0x81][0xa3][0xb9]?[0x86][0x92][0x2]_[0xa5][0xed]fC[0xc0][0xb2]k[0xee]'[0xbc][0xba][0x2][0xfc][0xd2]<}yt[0xd1][0x1f][0xb2][0xeb][0x87]][0x1].[0xd5][0xbb]9[0xce][0x9e][0xbd]i[0x1f][0x1c][0xb4]6A[0xda][0xbc]d[0xe][0x0][0x8e][0xd2][0xa0]TC[0xae]E[0xae]E[0xae]E[0xae]E[0xae]E[0xae]E[0xae]E[0xae][0xdd][0xe][0xd7]j5`K[0x1f][0x81][0x3][0x83]X[0xf5][0x15]`[0xab][0x9a][0x84]jM[0x9d]6[0x95]:[0xb0][0x5][0xa1][0x4]f5m[\r]t[0xa9]f[0x81][0xdc][0x15][0xc1][0xb6][0x92][0x99][0x83][0xed][0xc5][0x4]l[0xb1]X[0xf6][0xf5]9[0x0]4X[0xeb]+[0x1f]P[0x97][0xf5][0xc1]R[0xb][0xb0]%[0x83][0x9]<Y[0xba][0xe8]{[0x4][0xed][0xdc][0xf][0x82][0xab][0xcb][0x4]*v[0xc0]Z{c[0xd1]0[0x93][0xa9][0xb4][0xdb][0xc2]e[0xd9][0x8d][0x89];[0x9d][0x81][0xbd][0x8f][0xd2][0x5]a[0xd1][0x1b][0xd0][0xf1]MR[0xa1][0xdc]v[0x94]h[0xf1]|[0xdf]?[0xf7][0x1e][0x96]rK[0xf5]nN[0xb9]G[0xed][0x8d][0x10]wY[0xac][0xc0][0xb7]v[0x83][0xaa][0x14][0xf9][0x16][0xf9][0x16][0xf9][0x16][0xf9][0x16][0xf9][0x16][0xf9][0x16][0xf9][0x16][0xf9]v;|[0xab][0xdb]5|[0xfb][0x8][0xbc][0x1a][0xb2][0x85][U[0x17]^[\r][0xaa][0xd5]4[0xec]:[0xbe][0xb5]4[0xdb][0x4]q[0x83]Q[0xe][0x18][0xab]XZ[0x89]o[0xd7]3[0xcb][0xb][0xb7]b[0xb5]V .[0xf4][0x9f]d[0xda][0x10][0x1a]4[0xb5][0xcc]A[0x1f][0xba]Zl[0x9f][0x3]y[0x8d][0x9e][0x92][0x17]<[0xe4][0x4][0x8c][0x1e][0x19][0x9][0xf7][0x86]9[H[0xee][0x5];!q6[0xe2][0xde]H8[0xf5][0xca][[0xb8][0xe3]IL@[0xf6][0xe2][0x9a]%[0xdc][0xf7][0x87][0x87]_[0xfe]z[0xfd][0xfe][0xe5][0xc5][0xd9][0xc3][0xc2]m[0xa9][0xde][0xcd][0xe1][0xf6][0xe4]|[0x13][0xb6]MK[0x15][0xb6][0x9e][0x81][0xd5][0xa4]*[0xae][0xdd]"[0xdb]"[0xdb]"[0xdb]"[0xdb]"[0xdb]"[0xdb]"[0xdb]n[0x89]m[0xa9]Y[0xc3][0xb6][0x8f][0xc0])![0xd5][0xe2][0xc0][0xb6]j[0xc6][0xb6]F[0x1d][0xdb][0xc2][0x1f]u[0x14][0xc7]VU[0x93][0xc2]`/y[0xec]V2s[0xb6]=[0xef][0x92]g/Y[0x8][\n]"
http-outgoing-0 << "[0xdd][0xbf]h[0x92]c[0x1f][0x14];[0xf4][0x97]4[0xe2]`sF[0xe2][0x3] [0xd5][0x84]<[0xcb][0xf1][0xe0][0xd9]U[0x12][0xc6][0xac][0x1f][0xb2][0xc6][0xd2][0xcf]W[0xba]*[0x8c][0xc2]`[0x9a]-[0xd6][0xae]@@[0x98][0xf7][0x98][0x85]c.[0xee][0xd8][0x0][0x1c][0x88][0x4][0xf3]J[0xcb][0xfe][0xdb][0xbc]x[0xb3][0xb7][0xc9]Ai[0x99][0x2]P[0x8][0x3]+s[0xe5]5[0x14][0x13][0x6]o[0xd1]w#K*[0x99]r[\r][0x0][0xb5]&*D[0x91][0xb0]j[0x92]ng[0xb8]BL[0x8][0xa5]a(5Ud[0xad]\x[0xf]H!-H[0x9a][0xb0]i[0x14]dN[0xc9][0xaa]b[0xa9]0_).[0xd6]gI[0xa5]z[0xc][0xda]0[0x95][0xa2]S2B7B7B7B7B7B7B7B[0xf7][0xbd]B[0xf7][0x8a][0x91]W[0xd4][0xbd][0x86][0xb5][0x1d]0G[0x12]kAO[0x82][0x92][0xb4][0x9b][0x8a]Z[0x87][0xb5][0x6]t[0xa7]mA[0x87][0x83]J[0xa6][0xa6]Y[0xf2][0xb5][0xad]d[0xe6]X[0xfb][0x9f][0x0][0xb2][0xf7][0xc8][0x98]"[0xb8][0x99][0xf9][0x0][0x8c][0xa9]Y[\r][0xdd][0xfc]%[0xc6][0xdc][0x1b][0x6]s[0xdf][0xb][0xd8][0xf0]r[0xcf][0x9d]M@[0x16]o[0xa5]N[0xd1]5[0xee][0x99],[0xfa][0xff][0x92]:8[0x11][0xb9]a[0x6]s[0xe3][0x8c][0xa7][0x0][0x9e][0x1d]`[0xc3]#[0x18][0xde][0x3]7[0x1a][0xd4][0xc3][0xe7]Y[0x18][0x8c]C6%o[0xcf][0x1a][0xe4][0x84][0xf]][0x6]Lq([0x6]N[0xcc]\_[0x8]f[0x83][0x1c][0x1f][0xec][0xef][0xae]f[0x85]|[0x8][0x82]O|>'SQ[0xba]A[0x86][0xee][0xd8][0x8d][0x99]G[0xd8][0x10]h#v#96f[0xe9]][0xa7][0xf0][0x1c][0x83]F[0xf6][0xf3]H[0x14][0xc]\(([0xaf][0xdb]%[0xa7]3[0xd7][0x97]l+~'[0x99].[0x8]t[0xf9][0xcd][0xdc]is[0xf6][0xee][0xbd][0xf3][0xe1][0xcb][0x9b][0xd9]Oqg[0xf9][0xf2][0x1b][0xb8][0xb3][0xef][0xc6][0xbb][0xde][0x2]$[0xe7][0xc0][0xd2][0x8f][0xbe]V[0xa0][0xb3][0x92]}[0xff][0xd4]I5C[0xa9] [0xa7]%"[\n]"
http-outgoing-0 << "[0x96][0x89][0x93][0xda]F[\r]p.w[0xf4][0xaa]jS[0x13]K[0x4][0xb7][0x2]'[0x15];zK[0xc4][0xa9][0x1a][0xea]:q[0x9e][0xb1][0x81][0xb0][0x18][0xf7]G[0x9c]T[0xb1][0xa8][0xb1]E[0xe4][0xdc]W[0xe][0xe][0xf][0xf][0xee][0x80][0x9c][0xac][0xc]&[0x19][0xf8][0xc0][0xfc]k[0xba][0xfa][0x97][0x82][0xf4][0x8c]+[0x9c][0xb3][0x11]U[0xde][0xc3][0xed][0xe3]"-[0xfc][\n]"
http-outgoing-0 << "9[0x1a][0x86]j[0xe8][0x96][0xae]\[0xee][0xa9][0x86]i[0xc2][0xfc][0xc3][0xa0]JO[0xd5]GV_[0x1f][0xd9]C[0xb3][0xd7][0xcf][0x88][0xae][0xcc][0xb0][0xbf][0x80][0x8f]?Yc[0x89][0xf6][0xe8]A[0x8b][0x1e][0xa9][0xb7][0xd3]^[0xa5][0xe7]ki[0xef][0x0][\n]"
http-outgoing-0 << "[0x1d][0x99]7[0xd1][0x9e]&[0xff]~[0xb][0xed][0xa5][0xd7]l[0xc]{[0xa5][0x94][0x7][0xa4][0xbd][0xd4]`[0xed][0x18][0x8c]Re[0xa8]QU[0x11]qg[0xcd]Q[0x8d][0xe6]f3w[0xb7]d[0xd5][0xe9].[0x8]2T[0x2]R[0xe][0x96]}[0xfd][0xe][0xbb][0xa5][0xa8]![0xeb][0xc9][0x1e]m[0xe0][0xc6][0x85][0x90][0xab]%k&[0x94][0x1a]<X[0xaf].oi[0xe9][0xa4][0xca][0x9][0x17][0xd0]{CQ[0xe4]M'O[0x13]_}[0xb1][0xa0]K:[0xb1]|[0xcb]T[\r][0x81][0xcd][0x83][0xbe][0x12][0x8c][0xe8][0xfa])[0xa0][0xf5]E[0xbf]B[0x8b][0x83]4}[0x11]o[0xbf]|[0xb0][0xb3][0xc0][[0x8c][0x83]T{[0x15][0x9a][0xea][0xe3][0xc7][0x8f]O[0xa8][0xaa][0xee][0x1a]Tw[0x4]oY[0xbb][0x96][0x2][0x1c]f|j[0xa4][0xe9][0x9a]a)0[0xd1][0xff]A[0xba][\r][0x93]F[0xcd][0xce][0xd2][0xf3][0xfb],[0xd3]?[0x9]+[0xc3][0xe2]T_J[0x13](l[0xcb][0xaf]xsT[0x17][0xbc]7[0xf4][0xe5](.W[0xff]Bm[0xca][0xdd]k[[0x8f][0xcc]6I[0xe4],[0x82][0xda]rq\m[0x1a]Z[0xed],B[0x5][0x81]s[0x14][0x5][0xd4][0x8d]n[0xea][0xeb][0xb3][0x88][0xb5][0xcc]z[0xc7][0x8f][0xd5]>[0xbc]4LE[0xca]3r5*zJ[0x8e][0xc4][0xc6]=2[0x98][0x4][0xc1][0xaa][0x80][0xc8]![0xd0]-1[0xc][0xc0][0xdd]K[0xbf][0xe2]g[0xe1][0x9c][0xb5][0xf9]s{H[0x8f][0x1e][0xd8][0xbf][0xa3]X[0xef][0xe6][0xfe][0x1d][0xc7][0x9d][0xce]F1'[0xb2]r[0x85][0xa8][0x13]z[0xc3][0xc1][0x90]l[0xb8][0xd8][0x8c][0x8b][0xcd][0xb8][0xd8][0x8c][0x8b][0xcd][0xb8][0xd8][0x8c][0x8b][0xcd][0xb8][0xd8][0xbc][0xad][0xe0][0xc2]J[0x8d][0x87][0x87][0xb1]}[0xf][0x8f][0xcc]{[0x99]Zrw[0x9e][0xd3][0xd4][0x94]:[0x88][0xd5]m0[\n]"
http-outgoing-0 << "[\n]"
http-outgoing-0 << "[0xa5][0x8e]&[0x6]C9[0xbc]p%3[0x87][0xd8][0x16][0x19][0x84]@[0x90]`[0xe6][0x85][0xfb][0xb1]p>[0xee][0xa4][0xf0][0xda][0xba][0xdc]k[0x93]x[0xb9]H.[0xcc][0xf4][0xc9][0xf5]o[0x18][0x6][0xc3][0x9a][0xa8][0xc2]//[0xf6][0xdd][0xc3][0xfd][0xe1][0xec][0xac]}[0x17]`[0xfd][0x96]=[0x85][0xb8]u[0xd9][0xed][0x81]fK[0xc5][0xbf][0x1a]t[0xa2][0xf8]`[0x9b][0x13]m[0xa7][0xd5]>[0xe8]l[0x82][0xb4][0xab][0x82][0x5]W[\n]"
http-outgoing-0 << "[0xbd]a![0xd3]"[0xd3]"[0xd3]"[0xd3]"[0xd3]"[0xd3]"[0xd3]"[0xd3]n[0xcb]k[0xd9][0xa8]aZs[0xfb]L+[0x8e][0xcc][0x90]L[0x9b]F[0x9c]0n[0xf0]Z[0xd6]u[0xcb][0x2]j[0xb5]T[0xdd]t4C)/[0xcc][0xae]g[0x16][0x16]fy[0xc8][0xff][0x88]d[0xbc][0x8]0[0xd5]i[0xc5][0x84][0x8f]F[0xc2][0xe4]_sa[0xc0]CH[0xe]f[0x8b]<[0xd0][0xf0]4[0x8][0xf3]h[0xc3][0xc2]d[0x17][0xe2][0xa9]I[0xc7][0x10][0xb9]l[0x9b][0xc5][0xa7][0x0][0x9a][0x88][0xe2]*[0x4][0xb7][0xfe][0x1a]]w[0xcc][0xf1]~[0xd8]}[0xd8]U[0xdb]R[0xbd]w[0x9]9q[0xfc]g[0xf7][0xfc]t[0xb3][0xb0][0x13][0xab][0xa2][0xc5][0xfd]yz[0x83][0xaa]H[0xba]H[0xba]H[0xba]H[0xba]H[0xba]H[0xba]H[0xba]H[0xba][0xdb]"[0xdd][0x9a][0xb3][0xe1][0x8a]i[0xdb][0xde][0x9f]G[\r][0xe1][0xc8][0xac]hM[0xa5]6[0xf6][0x84]Nu[0x90]{[0xdd]V[0x1d]GSt[0xc7].[0x93][0xee]ZfN[0xba][0xa7][0x0][0xa5][0xfb][0x87][0xa7][0xb9][0xaf][0xf2][0xd2][0xe7]@[0xb2]/|[0x5][0xab]#][0x14][0xa6][0xec][0x8a][0x83]}[0x16][0xb1][0xd3] 7Z[0x9e][0x1d][0x7][0xcd][0x1d]%Sa[0xba][0x5][0x1a][0xb0][0xab][0xf4][0x18][0xe7][0x99][0x88]8,[0xdd][0x9c]![0x13]rI[0x1f] [0xe4][0xaa][0x9f][0x8][0xab]Q[0xb3][0xf2][0xeb][0x9f][0xbd][0xb9]`SO[0x9f][0xc6][0xbf][0xd3][0xdb][0xf9][0xbe]][0x91][0xed][0x6][0xb5]69[0x82][0xa3][0xf4]v[0x9b][0xa3]u[0xbb][0xd3][0xde][0x80][0xaa][0xd3]R[0xc5][0xb3][0x96][0x8d][0x6][0xd5]l[0x4]j[0x4]j[0x4]j[0x4]j[0x4]j[0x4]j[0x4]j[0x4][0xea]-[0x5]+~[0xfc]<[0xad]7U[0xb3][0xa9][0xd3]z[0x9e]VA U[0xc5]QLG5[0x95]u[0x9e].g[0xe6]<[0xbd][0xf4]}[0xe8][0xa4][0x10][0xfd][0xc2][0x5][0xc2]$[0xe7][0x1][0x1b]J[0x4]N[0xcf]X[0x16][0xe1][0x8c][0xa3][0xd6]l&[0xb]A[0xf]_[0xfa][0x15]$[0x8e][0xcc]7[0x9f][0xb9][0xf1][0xd6]<[0xbe][0xd7][0xf3][0xe8]n[0x87][0xd5]R[0xbd][0x9b][0xc3][0xea][0xc5][0x8b]V[0xb7][0xd3]:;[0xdb]d![0xb8]X[0xb6][0xe0][0xf1][0xa0]5,[0x13][0xb1][0x15][0xb1][0x15][0xb1][0x15][0xb1][0x15][0xb1][0x15][0xb1][0x15][0xb1][0x15][0xb1][0xf5][0xd1][0x1c][0xac]L7[0xdc]H[0xf6][[0x1d][0x1e][0xb2][0x9d]hT`[0xab][0xae][0x0][0xb9][0xd6]a[0xab]jZ[0xb6][0xe5]P[0xcd]QtC[0xb3][0xcc][0xb2][0x13][0xef]zf[0x8e][0xad][0xfb][0xcb]]h .+[0x1f][0x85]?[0x8a][0xc7]g[0x80][0xfd][0x6][0x11][0x9a][0xa7]^[0xc],[0x19][0x82][0x1d][0x1a][0xf0][0xa7][0xe4]=@[0xae]<kCO[0x9d][0x1c][0xd2]#[0x99][0xf5][0xc2]Q[0xcc][0xbb][0xd5][0x83]5[0xde][0xbd][0x8b][0xa2][0xcf]J[0x8b][0xbd]z[0xfd][0xb0]t[[0xaa][0xf7][0xe]^[0xe][0xad]W[0xcf]7[0xf3]q[0xc8][\n]"
http-outgoing-0 << "[0x16]V[0x89][0xed][0x6][0xa5]x[0xb8][0x6][0x82]-[0x82]-[0x82]-[0x82]-[0x82]-[0x82]-[0x82][0xed][0x96][0xc0][0xb6][0xee]l[0x8d]G[0xb0][0x1e][0xbb][0xda][0x9d][0x6]J[0xdc][0x92][0xf1][0x87]kC,[0xa8][0x9a]a[0x1b][0xba]i([0x1a][0xd5]-C][0x3][0xdb][0xb5][0xcc][0x1c]l[0xf][0x2][0xc9][0xb5][0xf2][0xc4][0xb8]9[0xd8]ri[0x82][0xe1][0x83]p[0xd6][\r][0xc0][0x8e]G[0xb1]8Zc0!m[0x90]%[0x91][0xd4][0x11]Q[0x16]D[0xe4][0x85][0x0][0xde]"[0x94][0xb1][0x17][0xe0][\n]"
http-outgoing-0 << "q[0xd4][0x9c][0xf4]hH[0x1]w[0x15][0x9f][0xad][0xc2][0xb6][0xe1][0xeb][0x83]#[0xde][0xd7][0xdf]E[0xa3][0x87]e[0xdb]R[0xbd]wp3[0xe8]n[0xb4]GmY[0xac]ph[0x9c][0x9]\[0xeb] [0xd7]"[0xd7]"[0xd7]"[0xd7]"[0xd7]"[0xd7]"[0xd7]"[0xd7]n[0xc9]q[0xf7][0xa7][0xc3][0x8c]=[0x84][0x9b][0x81]"#[0x87]Q[0xb5][0xa9][uXKat[0x9b][0xa6]c[0xeb][0xd4][0xd2][0x1c][0xcb]*[0xbb][0x19][0xac]g[0xe6]X{[0x1c][0xff][0x11][0x11][0xe8][0xe][0xc2]Y$7[0xa1][0x81][0xd4]s[0x92][0xcc]V[0xab][0xb0][0x4][0xe0]UlW[0xcb]w[0x9c][0xc9][0xed]j[0x81][0x9f][0xae][0xe0][0x8e]d@[0xb1]8\[0xec][0x92][0xee][0x84][0xc5][0xd9]q[0xc9][0xf3][0xc9][0x82][0xcc]9[0x1][0x8][0xe0][0xa5][0xf0][\r]U[0xce][0x1d]=3[0xe0]s[0xbf][0xaf]=[0xf0][0xe1][0xc8][0xa5]z7[0xe7][0xdc]V[0xbb]{[0xd8][0xe9][0x1e][0xff][0xf9]|[0x13][0xda]-[0x15].[0xee]V[0xb3][0x1a]TS[0x10]z[0x11]z[0x11]z[0x11]z[0x11]z[0x11]z[0x11]z[0x11]z[0xb7][0x14]k[0xac][\n]"
http-outgoing-0 << "[0xbd][0xd6][0xf6][0xa1][0xf7](tS[0xe8][0x95][0xbe][0xb5][0x8a][0xd9][0xa4][0xb5][0xd0][0xab][0xe8][0x8e]a[[0x94]:[0xaa][0xa2][0x19]`3J[0xd0][0xbb][0x9e][0x99]C[0xef]9gC[0x9][0xbb]s[0xf1][0x8e]d[0x2]_A[0x84]yD<[0xf7][0x8a][0xa7][0xd0][0x1b][0x6][0xd1][0xd3][0xaa][0xc3][0xc1][[0xfa]a:}[0xed][0xbf][0xbf][0x1a]?,[0xac][0x96][0xea][0xbd]KX[0x85][0x17][0xdd][0xb3]M[0xfc][\r][0x96][0xe5]JA[0xcf]L[0x1d][0x1][0x15][0x1][0x15][0x1][0x15][0x1][0x15][0x1][0x15][0x1][0x15][0x1][0x15][0x1][0xf5][0xf1][0xec][0xfe]z[0x4][0xb1]p37ZE[0x17]J\[0x83][0xff]k[0xe3][0x86])*[0xb5]@[0xfc]m[0xc7][0x2][0xb3]F[0xd7][0xdc]h[0xd7]3w[0xea][0xe2][0x86][0x9][0xaf][0x3][0x11]8[0xa1][0x9f][0xb8][0xde]0]t[\r][0xe6][0xc2][0xfe]O[0xa7][0x89][0xef][0xc6][0xb][0x12][0x8c][0xf2][0xf3][0xad][0xa6]}[0x16]El[0x18][0xa4][0x81][0x14][0xc0][0x10][0xfa]"[0xc6][0x2][0x98]~[0x9][0xb5][0xc2][0x88][0x89][0xe2][0xa5]C![0xaa]K[0xb2][0xc7][0x7][0x9d][0xc3][0x17][0xad]n[0xf7][0xc4]zX[0xca]-[0xd5]{[0x87][0x0][0xb9][0x1d]u[0x3][0xc6]MK[0x15][0x17]a[0x9d][0x6][0xd5]Td\d\d\d\d\d\d\d[0xdc][0xed]0n]l\[0xfa][0xb8][0x18]W[0xae][0xc2][0xea][0xb5][0x11][0xc3][0x14]*[0x8e]56[0x14]a1,[0xdd]R[0xcb][0x8c][0xbb][0x96][0x99]3[0xee]2[0xb4][0x81]8~LR[0xed]XV[0x1d][0xc5][0x19][0x9e][0xe][0x92]0[0xe4][0xfe]`[0xb1]K[0x9e][0xf3][0x98][0x84][0xee]`R[0xdc][0x1a][0x16][0xbb]3[0xb1]%[0xec][0x7][0xf0]Z[\r][0x86]0[0xb1][0xde][0x8e]=[0xed]et[0xf6][0x1f][0xcc][0xb5][0x96][0xd2]p4[0x19]OL[0x9e]a+[0x1f]+[0xef]&[0x9d][0xaa][0x6]Xv[0xdb]Y[0xf]a[0xbc][0x9e]Yv[0xd2][0xd5][0x1b][0x94]Z[0xd9]-oQ[0xc6][0xb2][0xcc][0xe5][0xde][0xfe][0x93][0xde][0xe9][0xa2]}[0xf0]n[0xd0]j[0xbd]?[0xef]O[0x97]Ju[0x83][0xdb][0xf5][0xec][0xf][0xef]sC[0xd4][0x89]b[0x7][0x97][0x1b]n[0xe6][0xe][0xca][0x7]=[0x96][0xca][0xd6]tJT[0xe1][0xfe][0xbd][0x15][0xa5][0xc2][0xd5]r8_[0xee]U[0xe5][0x1b][0xde]c[0x12][0xc4][0xf0]0T[0x8]Y[0xaa]Ld[0x8a] e[0xf7]k*^10k_|[0x98][0xcb]s[0x95]A-.[0xff][0x85][0x1][0x1]e[0xe0][0x92]A[0x18][0xcc][0x84][0xfe][0xf1][0xc4]Y[0xde][0xcb][0x92]@N[0xab][0xa2][0xc5][0xb2]#7[0x16]E#[0xb0]4[0xde][0xb2]([0xd8][0x9]Y[0xd2][0xa0]5[0x5]E[0xcb]&[0xd3][0xac]zuyS[0xa7]z[0xcf][0xef][0x92]#W[0xea][0xba]8@P[0xb8]P[0xb8][0xee]C[0xb8]p[0xe6][0x8d]3o[0x9c]y[0xe3][0xcc][0x1b]g[0xde]8[0xf3][0xc6][0x99]7[0xce][0xbc][0x1f]z[0xe6]]s[0xd8][0xb7][0xb6][0xfd][0x89]w[0xb6][0x95]U[0xd1][0xc4]VV[0xcd]j[0xaa]u?.[0x19][0x8e][0xad][0xea][0xaa]jY*[0xa5]*[0xb5][0x9c][0xd2][0xc4][0xbb][0x92][0x99]O[0xbc]/x[0xea][0xa6][0x1f]J?[0xa7]d(=[0xa1]\_[0xfe]F[0xd4][0xe][0x3][0xff]+'[0xcf][0xba][0x13][0xde][0x89][0xf9][0xb5][0xcb][s[0x16][0xe]#[0xb2][0xcc][0x16][0xd5][0x93][0xd6][0x14]T[0xbb][0xf8]I[0xaa][0x9d]D[0xc2]m*"[0xcb]B[0xc2][0xae][0x8b][0x99][0xbc]<[0x9e]1[\n]"
http-outgoing-0 << "[0xbc]D[0xf6][0xf5][0xdf]Dm[0xaa]Y[0x99][0x8e][0xcf][0x7]g/[0x93]/[0xef][\r]R[0x9e][0x8e][0xa7][0xa2]tO[0xd1][0xba][0xd7][0xde]#[0xe7]([0xc8] i[0xe]Ye[0x89]V5[0xc][0xa1]6[0x85]A\[0xb5]e[0x96]T[0xb2][0xf6][0x9a][0x92][0x1d][0xb]y[0xb]w[0x94]^s[0xb3][0xb9][0x80][0xb]W[0xf1]~a"P[0xd7][0x99]e,[0xf9][0xf1][0xf5]i[0xf][0xe0][0xef]_H[0xe1]H[0xe1]H[0xe1]H[0xe1]H[0xe1]H[0xe1]H[0xe1][0x8f][0x87][0xc2]kv[0xde]>[0x86]P[0x89]E[0xc][0xd7][0xc1]"4[0x8d][0xba]P[0x89] [0x86][0x96][0xa1][0xda][0xa6][0xa6][0xd9][0x8a][0xe6][0xd8][0xe5][0x8][0xdf][0x95][0xcc][0xb5][0xdf][0xbf][0xa4][0xd1]?[0x87]gz"5[0xfa][0xa9]/6"[0x90][0x3][0x1][0xd0][0xe4][0x9f][0xe4]Yk[0xf0][0xc5][\r][0xa6][0xe4]t4[0xca][0xd3][0xff]E[0xda]\[0x82][0xd6][0x89]4[0xde][0xc2][0xe8]W[0xd8][0xfa][0x8d][0xf7][0xe1]k[0xfb][0xed]W[0xa3]}[0xaf][0xbb]j[0xd7][0xe1]:}[0xba][0x9c][0x8a]V[0xdf]%G[0x19][0x9a]M[0x1d][0xc5](r[0xd4]2[0xa9][0xc][0xd2]FCW7[0x1][0xe9][0xd2];[0xdd]a[0xc7][0xee][0xfe][0xbb][0xe3][0xd3][0x93][\r]~I[[0x15],[0xfc][0x98]f6[0x1c][0xc]N[0x83][0x88][0x8c][0x88][0x8c][0x88][0x8c][0x88][0x8c][0x88][0x8c][0x88][0x8c][0x88][0xfc]x[0xf6][0xe9]n[0xc1]C[0xec][0xd3][0xff][0x1][0x0][0x0][0xff][0xff]"
http-outgoing-0 << "[\r][\n]"
http-outgoing-0 << "a[\r][\n]"
http-outgoing-0 << "[0x3][0x0]{0[0xe4][0xce]![0xec][0x0][0x0]"
http-outgoing-0 << "[\r][\n]"
http-outgoing-0 << "0[\r][\n]"
http-outgoing-0 << "[\r][\n]"
Connection [id: 0][route: {s}->https://api.twitter.com:443] can be kept alive indefinitely
Connection released: [id: 0][route: {s}->https://api.twitter.com:443][total kept alive: 1; route allocated: 1 of 2; total allocated: 1 of 20]
another huyovuy message
